INFO 2023-10-07 03:07:50,106 autoreload 668 Watching for file changes with StatReloader
INFO 2023-10-07 03:08:55,054 autoreload 668 Watching for file changes with StatReloader
INFO 2023-10-07 03:09:22,433 autoreload 266 /Users/zhuwenlong/Desktop/py-vue-mall/meiduo_py_vue/meiduo/meiduo/settings.py changed, reloading.
INFO 2023-10-07 03:09:22,570 autoreload 668 Watching for file changes with StatReloader
INFO 2023-10-07 03:12:27,992 autoreload 266 /Users/zhuwenlong/Desktop/py-vue-mall/meiduo_py_vue/meiduo/venv/lib/python3.10/site-packages/_distutils_hack/__init__.py changed, reloading.
INFO 2023-10-07 03:12:28,191 autoreload 668 Watching for file changes with StatReloader
INFO 2023-10-07 03:13:33,751 autoreload 668 Watching for file changes with StatReloader
INFO 2023-10-07 03:14:34,771 autoreload 668 Watching for file changes with StatReloader
INFO 2023-10-07 03:17:06,659 autoreload 668 Watching for file changes with StatReloader
INFO 2023-10-07 03:19:23,852 autoreload 266 /Users/zhuwenlong/Desktop/py-vue-mall/meiduo_py_vue/meiduo/meiduo/__init__.py changed, reloading.
INFO 2023-10-07 03:19:24,075 autoreload 668 Watching for file changes with StatReloader
INFO 2023-10-07 03:21:32,402 autoreload 266 /Users/zhuwenlong/Desktop/py-vue-mall/meiduo_py_vue/meiduo/meiduo/__init__.py changed, reloading.
INFO 2023-10-07 03:21:32,607 autoreload 668 Watching for file changes with StatReloader
INFO 2023-10-07 03:23:07,999 autoreload 266 /Users/zhuwenlong/Desktop/py-vue-mall/meiduo_py_vue/meiduo/meiduo/__init__.py changed, reloading.
INFO 2023-10-07 03:23:08,263 autoreload 668 Watching for file changes with StatReloader
INFO 2023-10-07 03:23:11,599 autoreload 668 Watching for file changes with StatReloader
INFO 2023-10-07 03:25:48,927 autoreload 668 Watching for file changes with StatReloader
INFO 2023-10-07 03:27:38,272 autoreload 668 Watching for file changes with StatReloader
INFO 2023-10-07 03:29:51,428 autoreload 668 Watching for file changes with StatReloader
INFO 2023-10-07 03:30:55,698 autoreload 668 Watching for file changes with StatReloader
INFO 2023-10-07 03:33:32,679 autoreload 668 Watching for file changes with StatReloader
INFO 2023-10-07 03:44:03,702 autoreload 266 /Users/zhuwenlong/Desktop/py-vue-mall/meiduo_py_vue/meiduo/venv/lib/python3.10/site-packages/django/conf/urls/__init__.py changed, reloading.
INFO 2023-10-07 03:44:54,330 autoreload 677 Watching for file changes with StatReloader
INFO 2023-10-07 03:45:55,714 autoreload 677 Watching for file changes with StatReloader
INFO 2023-10-07 03:47:34,548 autoreload 677 Watching for file changes with StatReloader
INFO 2023-10-07 03:48:14,044 autoreload 677 Watching for file changes with StatReloader
INFO 2023-10-07 03:49:38,176 autoreload 266 /Users/zhuwenlong/Desktop/py-vue-mall/meiduo_py_vue/meiduo/meiduo/settings.py changed, reloading.
INFO 2023-10-07 03:49:38,388 autoreload 677 Watching for file changes with StatReloader
INFO 2023-10-07 03:55:23,580 autoreload 677 Watching for file changes with StatReloader
ERROR 2023-10-07 03:55:28,670 log 241 Internal Server Error: /
Traceback (most recent call last):
  File "/Users/zhuwenlong/Desktop/py-vue-mall/meiduo_py_vue/meiduo/venv/lib/python3.10/site-packages/django/utils/connection.py", line 58, in __getitem__
    return getattr(self._connections, alias)
  File "/Users/zhuwenlong/Desktop/py-vue-mall/meiduo_py_vue/meiduo/venv/lib/python3.10/site-packages/asgiref/local.py", line 105, in __getattr__
    raise AttributeError(f"{self!r} object has no attribute {key!r}")
AttributeError: <asgiref.local.Local object at 0x10608b160> object has no attribute 'session'

During handling of the above exception, another exception occurred:

Traceback (most recent call last):
  File "/Users/zhuwenlong/Desktop/py-vue-mall/meiduo_py_vue/meiduo/venv/lib/python3.10/site-packages/django/core/handlers/exception.py", line 55, in inner
    response = get_response(request)
  File "/Users/zhuwenlong/Desktop/py-vue-mall/meiduo_py_vue/meiduo/venv/lib/python3.10/site-packages/django/utils/deprecation.py", line 135, in __call__
    response = self.process_request(request)
  File "/Users/zhuwenlong/Desktop/py-vue-mall/meiduo_py_vue/meiduo/venv/lib/python3.10/site-packages/django/contrib/sessions/middleware.py", line 20, in process_request
    request.session = self.SessionStore(session_key)
  File "/Users/zhuwenlong/Desktop/py-vue-mall/meiduo_py_vue/meiduo/venv/lib/python3.10/site-packages/django/contrib/sessions/backends/cache.py", line 16, in __init__
    self._cache = caches[settings.SESSION_CACHE_ALIAS]
  File "/Users/zhuwenlong/Desktop/py-vue-mall/meiduo_py_vue/meiduo/venv/lib/python3.10/site-packages/django/utils/connection.py", line 61, in __getitem__
    raise self.exception_class(f"The connection '{alias}' doesn't exist.")
django.core.cache.backends.base.InvalidCacheBackendError: The connection 'session' doesn't exist.
ERROR 2023-10-07 03:55:28,671 basehttp 187 "GET / HTTP/1.1" 500 82896
ERROR 2023-10-07 03:55:35,875 log 241 Internal Server Error: /admin/
Traceback (most recent call last):
  File "/Users/zhuwenlong/Desktop/py-vue-mall/meiduo_py_vue/meiduo/venv/lib/python3.10/site-packages/django/utils/connection.py", line 58, in __getitem__
    return getattr(self._connections, alias)
  File "/Users/zhuwenlong/Desktop/py-vue-mall/meiduo_py_vue/meiduo/venv/lib/python3.10/site-packages/asgiref/local.py", line 105, in __getattr__
    raise AttributeError(f"{self!r} object has no attribute {key!r}")
AttributeError: <asgiref.local.Local object at 0x10608b160> object has no attribute 'session'

During handling of the above exception, another exception occurred:

Traceback (most recent call last):
  File "/Users/zhuwenlong/Desktop/py-vue-mall/meiduo_py_vue/meiduo/venv/lib/python3.10/site-packages/django/core/handlers/exception.py", line 55, in inner
    response = get_response(request)
  File "/Users/zhuwenlong/Desktop/py-vue-mall/meiduo_py_vue/meiduo/venv/lib/python3.10/site-packages/django/utils/deprecation.py", line 135, in __call__
    response = self.process_request(request)
  File "/Users/zhuwenlong/Desktop/py-vue-mall/meiduo_py_vue/meiduo/venv/lib/python3.10/site-packages/django/contrib/sessions/middleware.py", line 20, in process_request
    request.session = self.SessionStore(session_key)
  File "/Users/zhuwenlong/Desktop/py-vue-mall/meiduo_py_vue/meiduo/venv/lib/python3.10/site-packages/django/contrib/sessions/backends/cache.py", line 16, in __init__
    self._cache = caches[settings.SESSION_CACHE_ALIAS]
  File "/Users/zhuwenlong/Desktop/py-vue-mall/meiduo_py_vue/meiduo/venv/lib/python3.10/site-packages/django/utils/connection.py", line 61, in __getitem__
    raise self.exception_class(f"The connection '{alias}' doesn't exist.")
django.core.cache.backends.base.InvalidCacheBackendError: The connection 'session' doesn't exist.
ERROR 2023-10-07 03:55:35,876 basehttp 187 "GET /admin/ HTTP/1.1" 500 82917
INFO 2023-10-07 03:56:43,884 autoreload 266 /Users/zhuwenlong/Desktop/py-vue-mall/meiduo_py_vue/meiduo/meiduo/urls.py changed, reloading.
INFO 2023-10-07 03:56:44,121 autoreload 677 Watching for file changes with StatReloader
INFO 2023-10-07 03:58:07,066 autoreload 266 /Users/zhuwenlong/Desktop/py-vue-mall/meiduo_py_vue/meiduo/meiduo_admin/urls.py changed, reloading.
INFO 2023-10-07 03:58:07,323 autoreload 677 Watching for file changes with StatReloader
INFO 2023-10-07 03:58:29,208 autoreload 677 Watching for file changes with StatReloader
INFO 2023-10-07 05:39:47,145 autoreload 266 /Users/zhuwenlong/Desktop/py-vue-mall/meiduo_py_vue/meiduo/meiduo/settings.py changed, reloading.
INFO 2023-10-07 05:39:47,447 autoreload 677 Watching for file changes with StatReloader
INFO 2023-10-07 05:43:13,428 autoreload 677 Watching for file changes with StatReloader
INFO 2023-10-07 05:49:22,328 autoreload 266 /Users/zhuwenlong/Desktop/py-vue-mall/meiduo_py_vue/meiduo/meiduo/settings.py changed, reloading.
INFO 2023-10-07 05:49:22,594 autoreload 677 Watching for file changes with StatReloader
INFO 2023-10-07 05:52:16,943 autoreload 266 /Users/zhuwenlong/Desktop/py-vue-mall/meiduo_py_vue/meiduo/meiduo/settings.py changed, reloading.
INFO 2023-10-07 05:52:17,243 autoreload 677 Watching for file changes with StatReloader
INFO 2023-10-07 05:53:55,727 autoreload 677 Watching for file changes with StatReloader
ERROR 2023-10-07 05:54:54,245 log 241 Internal Server Error: /meiduo_admin/authorizations/
Traceback (most recent call last):
  File "/Users/zhuwenlong/Desktop/py-vue-mall/meiduo_py_vue/meiduo/venv/lib/python3.10/site-packages/django/utils/connection.py", line 58, in __getitem__
    return getattr(self._connections, alias)
  File "/Users/zhuwenlong/Desktop/py-vue-mall/meiduo_py_vue/meiduo/venv/lib/python3.10/site-packages/asgiref/local.py", line 105, in __getattr__
    raise AttributeError(f"{self!r} object has no attribute {key!r}")
AttributeError: <asgiref.local.Local object at 0x1039db160> object has no attribute 'session'

During handling of the above exception, another exception occurred:

Traceback (most recent call last):
  File "/Users/zhuwenlong/Desktop/py-vue-mall/meiduo_py_vue/meiduo/venv/lib/python3.10/site-packages/django/core/handlers/exception.py", line 55, in inner
    response = get_response(request)
  File "/Users/zhuwenlong/Desktop/py-vue-mall/meiduo_py_vue/meiduo/venv/lib/python3.10/site-packages/django/utils/deprecation.py", line 135, in __call__
    response = self.process_request(request)
  File "/Users/zhuwenlong/Desktop/py-vue-mall/meiduo_py_vue/meiduo/venv/lib/python3.10/site-packages/django/contrib/sessions/middleware.py", line 20, in process_request
    request.session = self.SessionStore(session_key)
  File "/Users/zhuwenlong/Desktop/py-vue-mall/meiduo_py_vue/meiduo/venv/lib/python3.10/site-packages/django/contrib/sessions/backends/cache.py", line 16, in __init__
    self._cache = caches[settings.SESSION_CACHE_ALIAS]
  File "/Users/zhuwenlong/Desktop/py-vue-mall/meiduo_py_vue/meiduo/venv/lib/python3.10/site-packages/django/utils/connection.py", line 61, in __getitem__
    raise self.exception_class(f"The connection '{alias}' doesn't exist.")
django.core.cache.backends.base.InvalidCacheBackendError: The connection 'session' doesn't exist.
ERROR 2023-10-07 05:54:54,246 basehttp 187 "POST /meiduo_admin/authorizations/ HTTP/1.1" 500 80926
INFO 2023-10-07 05:57:00,137 autoreload 266 /Users/zhuwenlong/Desktop/py-vue-mall/meiduo_py_vue/meiduo/meiduo/settings.py changed, reloading.
INFO 2023-10-07 05:57:00,395 autoreload 677 Watching for file changes with StatReloader
INFO 2023-10-07 06:00:46,309 autoreload 677 Watching for file changes with StatReloader
INFO 2023-10-07 06:07:06,190 autoreload 677 Watching for file changes with StatReloader
INFO 2023-10-07 06:13:16,344 autoreload 266 /Users/zhuwenlong/Desktop/py-vue-mall/meiduo_py_vue/meiduo/meiduo/settings.py changed, reloading.
INFO 2023-10-07 06:13:16,652 autoreload 677 Watching for file changes with StatReloader
INFO 2023-10-07 06:14:06,006 autoreload 266 /Users/zhuwenlong/Desktop/py-vue-mall/meiduo_py_vue/meiduo/meiduo_admin/urls.py changed, reloading.
INFO 2023-10-07 06:14:06,269 autoreload 677 Watching for file changes with StatReloader
INFO 2023-10-07 06:15:37,246 autoreload 677 Watching for file changes with StatReloader
WARNING 2023-10-07 06:18:28,107 log 241 Method Not Allowed: /meiduo_admin/api/token/
WARNING 2023-10-07 06:18:28,108 basehttp 187 "GET /meiduo_admin/api/token/ HTTP/1.1" 405 40
INFO 2023-10-07 06:18:34,735 basehttp 187 "POST /meiduo_admin/api/token/ HTTP/1.1" 200 483
INFO 2023-10-07 06:26:00,401 autoreload 266 /Users/zhuwenlong/Desktop/py-vue-mall/meiduo_py_vue/meiduo/meiduo/settings.py changed, reloading.
INFO 2023-10-07 06:26:00,707 autoreload 677 Watching for file changes with StatReloader
INFO 2023-10-07 06:33:05,864 autoreload 677 Watching for file changes with StatReloader
ERROR 2023-10-07 06:33:11,277 log 241 Internal Server Error: /meiduo_admin/api/token/
Traceback (most recent call last):
  File "/Users/zhuwenlong/Desktop/py-vue-mall/meiduo_py_vue/meiduo/venv/lib/python3.10/site-packages/rest_framework_simplejwt/views.py", line 29, in get_serializer_class
    return import_string(self._serializer_class)
  File "/Users/zhuwenlong/Desktop/py-vue-mall/meiduo_py_vue/meiduo/venv/lib/python3.10/site-packages/django/utils/module_loading.py", line 30, in import_string
    return cached_import(module_path, class_name)
  File "/Users/zhuwenlong/Desktop/py-vue-mall/meiduo_py_vue/meiduo/venv/lib/python3.10/site-packages/django/utils/module_loading.py", line 15, in cached_import
    module = import_module(module_path)
  File "/Library/Frameworks/Python.framework/Versions/3.10/lib/python3.10/importlib/__init__.py", line 126, in import_module
    return _bootstrap._gcd_import(name[level:], package, level)
  File "<frozen importlib._bootstrap>", line 1050, in _gcd_import
  File "<frozen importlib._bootstrap>", line 1027, in _find_and_load
  File "<frozen importlib._bootstrap>", line 992, in _find_and_load_unlocked
  File "<frozen importlib._bootstrap>", line 241, in _call_with_frames_removed
  File "<frozen importlib._bootstrap>", line 1050, in _gcd_import
  File "<frozen importlib._bootstrap>", line 1027, in _find_and_load
  File "<frozen importlib._bootstrap>", line 1004, in _find_and_load_unlocked
ModuleNotFoundError: No module named 'meiduo.meiduo_admin'

During handling of the above exception, another exception occurred:

Traceback (most recent call last):
  File "/Users/zhuwenlong/Desktop/py-vue-mall/meiduo_py_vue/meiduo/venv/lib/python3.10/site-packages/django/core/handlers/exception.py", line 55, in inner
    response = get_response(request)
  File "/Users/zhuwenlong/Desktop/py-vue-mall/meiduo_py_vue/meiduo/venv/lib/python3.10/site-packages/django/core/handlers/base.py", line 197, in _get_response
    response = wrapped_callback(request, *callback_args, **callback_kwargs)
  File "/Users/zhuwenlong/Desktop/py-vue-mall/meiduo_py_vue/meiduo/venv/lib/python3.10/site-packages/django/views/decorators/csrf.py", line 54, in wrapped_view
    return view_func(*args, **kwargs)
  File "/Users/zhuwenlong/Desktop/py-vue-mall/meiduo_py_vue/meiduo/venv/lib/python3.10/site-packages/django/views/generic/base.py", line 103, in view
    return self.dispatch(request, *args, **kwargs)
  File "/Users/zhuwenlong/Desktop/py-vue-mall/meiduo_py_vue/meiduo/venv/lib/python3.10/site-packages/rest_framework/views.py", line 509, in dispatch
    response = self.handle_exception(exc)
  File "/Users/zhuwenlong/Desktop/py-vue-mall/meiduo_py_vue/meiduo/venv/lib/python3.10/site-packages/rest_framework/views.py", line 469, in handle_exception
    self.raise_uncaught_exception(exc)
  File "/Users/zhuwenlong/Desktop/py-vue-mall/meiduo_py_vue/meiduo/venv/lib/python3.10/site-packages/rest_framework/views.py", line 480, in raise_uncaught_exception
    raise exc
  File "/Users/zhuwenlong/Desktop/py-vue-mall/meiduo_py_vue/meiduo/venv/lib/python3.10/site-packages/rest_framework/views.py", line 506, in dispatch
    response = handler(request, *args, **kwargs)
  File "/Users/zhuwenlong/Desktop/py-vue-mall/meiduo_py_vue/meiduo/venv/lib/python3.10/site-packages/rest_framework_simplejwt/views.py", line 41, in post
    serializer = self.get_serializer(data=request.data)
  File "/Users/zhuwenlong/Desktop/py-vue-mall/meiduo_py_vue/meiduo/venv/lib/python3.10/site-packages/rest_framework/generics.py", line 108, in get_serializer
    serializer_class = self.get_serializer_class()
  File "/Users/zhuwenlong/Desktop/py-vue-mall/meiduo_py_vue/meiduo/venv/lib/python3.10/site-packages/rest_framework_simplejwt/views.py", line 32, in get_serializer_class
    raise ImportError(msg)
ImportError: Could not import serializer 'meiduo.meiduo_admin.serializers.MyTokenObtainPairSerializer'
ERROR 2023-10-07 06:33:11,277 basehttp 187 "POST /meiduo_admin/api/token/ HTTP/1.1" 500 128792
INFO 2023-10-07 06:33:44,179 autoreload 266 /Users/zhuwenlong/Desktop/py-vue-mall/meiduo_py_vue/meiduo/meiduo/settings.py changed, reloading.
INFO 2023-10-07 06:33:44,449 autoreload 677 Watching for file changes with StatReloader
INFO 2023-10-07 06:39:48,960 autoreload 677 Watching for file changes with StatReloader
ERROR 2023-10-07 06:39:52,713 log 241 Internal Server Error: /meiduo_admin/api/token/
Traceback (most recent call last):
  File "/Users/zhuwenlong/Desktop/py-vue-mall/meiduo_py_vue/meiduo/venv/lib/python3.10/site-packages/rest_framework_simplejwt/views.py", line 29, in get_serializer_class
    return import_string(self._serializer_class)
  File "/Users/zhuwenlong/Desktop/py-vue-mall/meiduo_py_vue/meiduo/venv/lib/python3.10/site-packages/django/utils/module_loading.py", line 30, in import_string
    return cached_import(module_path, class_name)
  File "/Users/zhuwenlong/Desktop/py-vue-mall/meiduo_py_vue/meiduo/venv/lib/python3.10/site-packages/django/utils/module_loading.py", line 15, in cached_import
    module = import_module(module_path)
  File "/Library/Frameworks/Python.framework/Versions/3.10/lib/python3.10/importlib/__init__.py", line 126, in import_module
    return _bootstrap._gcd_import(name[level:], package, level)
  File "<frozen importlib._bootstrap>", line 1050, in _gcd_import
  File "<frozen importlib._bootstrap>", line 1027, in _find_and_load
  File "<frozen importlib._bootstrap>", line 992, in _find_and_load_unlocked
  File "<frozen importlib._bootstrap>", line 241, in _call_with_frames_removed
  File "<frozen importlib._bootstrap>", line 1050, in _gcd_import
  File "<frozen importlib._bootstrap>", line 1027, in _find_and_load
  File "<frozen importlib._bootstrap>", line 992, in _find_and_load_unlocked
  File "<frozen importlib._bootstrap>", line 241, in _call_with_frames_removed
  File "<frozen importlib._bootstrap>", line 1050, in _gcd_import
  File "<frozen importlib._bootstrap>", line 1027, in _find_and_load
  File "<frozen importlib._bootstrap>", line 1004, in _find_and_load_unlocked
ModuleNotFoundError: No module named 'meiduo.meiduo_admin'

During handling of the above exception, another exception occurred:

Traceback (most recent call last):
  File "/Users/zhuwenlong/Desktop/py-vue-mall/meiduo_py_vue/meiduo/venv/lib/python3.10/site-packages/django/core/handlers/exception.py", line 55, in inner
    response = get_response(request)
  File "/Users/zhuwenlong/Desktop/py-vue-mall/meiduo_py_vue/meiduo/venv/lib/python3.10/site-packages/django/core/handlers/base.py", line 197, in _get_response
    response = wrapped_callback(request, *callback_args, **callback_kwargs)
  File "/Users/zhuwenlong/Desktop/py-vue-mall/meiduo_py_vue/meiduo/venv/lib/python3.10/site-packages/django/views/decorators/csrf.py", line 54, in wrapped_view
    return view_func(*args, **kwargs)
  File "/Users/zhuwenlong/Desktop/py-vue-mall/meiduo_py_vue/meiduo/venv/lib/python3.10/site-packages/django/views/generic/base.py", line 103, in view
    return self.dispatch(request, *args, **kwargs)
  File "/Users/zhuwenlong/Desktop/py-vue-mall/meiduo_py_vue/meiduo/venv/lib/python3.10/site-packages/rest_framework/views.py", line 509, in dispatch
    response = self.handle_exception(exc)
  File "/Users/zhuwenlong/Desktop/py-vue-mall/meiduo_py_vue/meiduo/venv/lib/python3.10/site-packages/rest_framework/views.py", line 469, in handle_exception
    self.raise_uncaught_exception(exc)
  File "/Users/zhuwenlong/Desktop/py-vue-mall/meiduo_py_vue/meiduo/venv/lib/python3.10/site-packages/rest_framework/views.py", line 480, in raise_uncaught_exception
    raise exc
  File "/Users/zhuwenlong/Desktop/py-vue-mall/meiduo_py_vue/meiduo/venv/lib/python3.10/site-packages/rest_framework/views.py", line 506, in dispatch
    response = handler(request, *args, **kwargs)
  File "/Users/zhuwenlong/Desktop/py-vue-mall/meiduo_py_vue/meiduo/venv/lib/python3.10/site-packages/rest_framework_simplejwt/views.py", line 41, in post
    serializer = self.get_serializer(data=request.data)
  File "/Users/zhuwenlong/Desktop/py-vue-mall/meiduo_py_vue/meiduo/venv/lib/python3.10/site-packages/rest_framework/generics.py", line 108, in get_serializer
    serializer_class = self.get_serializer_class()
  File "/Users/zhuwenlong/Desktop/py-vue-mall/meiduo_py_vue/meiduo/venv/lib/python3.10/site-packages/rest_framework_simplejwt/views.py", line 32, in get_serializer_class
    raise ImportError(msg)
ImportError: Could not import serializer 'meiduo.meiduo_admin.serializers.customJwtLogin.MyTokenObtainPairSerializer'
ERROR 2023-10-07 06:39:52,714 basehttp 187 "POST /meiduo_admin/api/token/ HTTP/1.1" 500 135768
INFO 2023-10-07 06:40:46,809 autoreload 266 /Users/zhuwenlong/Desktop/py-vue-mall/meiduo_py_vue/meiduo/meiduo/settings.py changed, reloading.
INFO 2023-10-07 06:40:47,089 autoreload 677 Watching for file changes with StatReloader
WARNING 2023-10-07 06:40:50,636 log 241 Unauthorized: /meiduo_admin/api/token/
WARNING 2023-10-07 06:40:50,636 basehttp 187 "POST /meiduo_admin/api/token/ HTTP/1.1" 401 63
INFO 2023-10-07 06:42:52,056 basehttp 187 "POST /meiduo_admin/api/token/ HTTP/1.1" 200 483
INFO 2023-10-07 06:46:39,691 autoreload 677 Watching for file changes with StatReloader
ERROR 2023-10-07 06:46:42,941 log 241 Internal Server Error: /meiduo_admin/api/token/
Traceback (most recent call last):
  File "/Users/zhuwenlong/Desktop/py-vue-mall/meiduo_py_vue/meiduo/venv/lib/python3.10/site-packages/django/core/handlers/exception.py", line 55, in inner
    response = get_response(request)
  File "/Users/zhuwenlong/Desktop/py-vue-mall/meiduo_py_vue/meiduo/venv/lib/python3.10/site-packages/django/core/handlers/base.py", line 197, in _get_response
    response = wrapped_callback(request, *callback_args, **callback_kwargs)
  File "/Users/zhuwenlong/Desktop/py-vue-mall/meiduo_py_vue/meiduo/venv/lib/python3.10/site-packages/django/views/decorators/csrf.py", line 54, in wrapped_view
    return view_func(*args, **kwargs)
  File "/Users/zhuwenlong/Desktop/py-vue-mall/meiduo_py_vue/meiduo/venv/lib/python3.10/site-packages/django/views/generic/base.py", line 103, in view
    return self.dispatch(request, *args, **kwargs)
  File "/Users/zhuwenlong/Desktop/py-vue-mall/meiduo_py_vue/meiduo/venv/lib/python3.10/site-packages/rest_framework/views.py", line 509, in dispatch
    response = self.handle_exception(exc)
  File "/Users/zhuwenlong/Desktop/py-vue-mall/meiduo_py_vue/meiduo/venv/lib/python3.10/site-packages/rest_framework/views.py", line 469, in handle_exception
    self.raise_uncaught_exception(exc)
  File "/Users/zhuwenlong/Desktop/py-vue-mall/meiduo_py_vue/meiduo/venv/lib/python3.10/site-packages/rest_framework/views.py", line 480, in raise_uncaught_exception
    raise exc
  File "/Users/zhuwenlong/Desktop/py-vue-mall/meiduo_py_vue/meiduo/venv/lib/python3.10/site-packages/rest_framework/views.py", line 506, in dispatch
    response = handler(request, *args, **kwargs)
  File "/Users/zhuwenlong/Desktop/py-vue-mall/meiduo_py_vue/meiduo/venv/lib/python3.10/site-packages/rest_framework_simplejwt/views.py", line 44, in post
    serializer.is_valid(raise_exception=True)
  File "/Users/zhuwenlong/Desktop/py-vue-mall/meiduo_py_vue/meiduo/venv/lib/python3.10/site-packages/rest_framework/serializers.py", line 227, in is_valid
    self._validated_data = self.run_validation(self.initial_data)
  File "/Users/zhuwenlong/Desktop/py-vue-mall/meiduo_py_vue/meiduo/venv/lib/python3.10/site-packages/rest_framework/serializers.py", line 429, in run_validation
    value = self.validate(value)
  File "/Users/zhuwenlong/Desktop/py-vue-mall/meiduo_py_vue/meiduo/venv/lib/python3.10/site-packages/rest_framework_simplejwt/serializers.py", line 75, in validate
    refresh = self.get_token(self.user)
  File "/Users/zhuwenlong/Desktop/py-vue-mall/meiduo_py_vue/meiduo/users/serializers.py", line 11, in get_token
    token['name'] = user.name
AttributeError: 'User' object has no attribute 'name'
ERROR 2023-10-07 06:46:42,943 basehttp 187 "POST /meiduo_admin/api/token/ HTTP/1.1" 500 109647
INFO 2023-10-07 06:47:36,348 autoreload 266 /Users/zhuwenlong/Desktop/py-vue-mall/meiduo_py_vue/meiduo/users/serializers.py changed, reloading.
INFO 2023-10-07 06:47:36,598 autoreload 677 Watching for file changes with StatReloader
INFO 2023-10-07 06:47:39,266 basehttp 187 "POST /meiduo_admin/api/token/ HTTP/1.1" 200 513
INFO 2023-10-07 06:48:49,005 autoreload 266 /Users/zhuwenlong/Desktop/py-vue-mall/meiduo_py_vue/meiduo/users/serializers.py changed, reloading.
INFO 2023-10-07 06:48:49,327 autoreload 677 Watching for file changes with StatReloader
INFO 2023-10-07 06:48:50,085 basehttp 187 "POST /meiduo_admin/api/token/ HTTP/1.1" 200 513
INFO 2023-10-07 06:52:06,813 autoreload 266 /Users/zhuwenlong/Desktop/py-vue-mall/meiduo_py_vue/meiduo/meiduo/settings.py changed, reloading.
INFO 2023-10-07 06:52:07,102 autoreload 677 Watching for file changes with StatReloader
INFO 2023-10-07 06:52:08,063 basehttp 187 "POST /meiduo_admin/api/token/ HTTP/1.1" 200 483
INFO 2023-10-07 06:52:18,679 autoreload 266 /Users/zhuwenlong/Desktop/py-vue-mall/meiduo_py_vue/meiduo/meiduo/settings.py changed, reloading.
INFO 2023-10-07 06:52:18,932 autoreload 677 Watching for file changes with StatReloader
INFO 2023-10-07 06:52:20,767 basehttp 187 "POST /meiduo_admin/api/token/ HTTP/1.1" 200 513
INFO 2023-10-07 06:55:46,156 basehttp 187 "POST /meiduo_admin/api/token/ HTTP/1.1" 200 513
INFO 2023-10-07 06:55:57,557 autoreload 677 Watching for file changes with StatReloader
INFO 2023-10-07 06:58:30,808 autoreload 266 /Users/zhuwenlong/Desktop/py-vue-mall/meiduo_py_vue/meiduo/users/serializers.py changed, reloading.
INFO 2023-10-07 06:58:31,566 autoreload 677 Watching for file changes with StatReloader
INFO 2023-10-07 06:58:35,863 autoreload 677 Watching for file changes with StatReloader
INFO 2023-10-07 06:59:27,855 autoreload 266 /Users/zhuwenlong/Desktop/py-vue-mall/meiduo_py_vue/meiduo/users/serializers.py changed, reloading.
INFO 2023-10-07 06:59:28,581 autoreload 677 Watching for file changes with StatReloader
INFO 2023-10-07 06:59:57,095 autoreload 677 Watching for file changes with StatReloader
ERROR 2023-10-07 07:00:00,936 log 241 Internal Server Error: /meiduo_admin/api/token/
Traceback (most recent call last):
  File "/Users/zhuwenlong/Desktop/py-vue-mall/meiduo_py_vue/meiduo/venv/lib/python3.10/site-packages/django/core/handlers/exception.py", line 55, in inner
    response = get_response(request)
  File "/Users/zhuwenlong/Desktop/py-vue-mall/meiduo_py_vue/meiduo/venv/lib/python3.10/site-packages/django/core/handlers/base.py", line 197, in _get_response
    response = wrapped_callback(request, *callback_args, **callback_kwargs)
  File "/Users/zhuwenlong/Desktop/py-vue-mall/meiduo_py_vue/meiduo/venv/lib/python3.10/site-packages/django/views/decorators/csrf.py", line 54, in wrapped_view
    return view_func(*args, **kwargs)
  File "/Users/zhuwenlong/Desktop/py-vue-mall/meiduo_py_vue/meiduo/venv/lib/python3.10/site-packages/django/views/generic/base.py", line 103, in view
    return self.dispatch(request, *args, **kwargs)
  File "/Users/zhuwenlong/Desktop/py-vue-mall/meiduo_py_vue/meiduo/venv/lib/python3.10/site-packages/rest_framework/views.py", line 509, in dispatch
    response = self.handle_exception(exc)
  File "/Users/zhuwenlong/Desktop/py-vue-mall/meiduo_py_vue/meiduo/venv/lib/python3.10/site-packages/rest_framework/views.py", line 469, in handle_exception
    self.raise_uncaught_exception(exc)
  File "/Users/zhuwenlong/Desktop/py-vue-mall/meiduo_py_vue/meiduo/venv/lib/python3.10/site-packages/rest_framework/views.py", line 480, in raise_uncaught_exception
    raise exc
  File "/Users/zhuwenlong/Desktop/py-vue-mall/meiduo_py_vue/meiduo/venv/lib/python3.10/site-packages/rest_framework/views.py", line 506, in dispatch
    response = handler(request, *args, **kwargs)
  File "/Users/zhuwenlong/Desktop/py-vue-mall/meiduo_py_vue/meiduo/venv/lib/python3.10/site-packages/rest_framework_simplejwt/views.py", line 44, in post
    serializer.is_valid(raise_exception=True)
  File "/Users/zhuwenlong/Desktop/py-vue-mall/meiduo_py_vue/meiduo/venv/lib/python3.10/site-packages/rest_framework/serializers.py", line 227, in is_valid
    self._validated_data = self.run_validation(self.initial_data)
  File "/Users/zhuwenlong/Desktop/py-vue-mall/meiduo_py_vue/meiduo/venv/lib/python3.10/site-packages/rest_framework/serializers.py", line 429, in run_validation
    value = self.validate(value)
  File "/Users/zhuwenlong/Desktop/py-vue-mall/meiduo_py_vue/meiduo/venv/lib/python3.10/site-packages/rest_framework_simplejwt/serializers.py", line 78, in validate
    data["access"] = str(refresh.access_token)
AttributeError: 'dict' object has no attribute 'access_token'
ERROR 2023-10-07 07:00:00,937 basehttp 187 "POST /meiduo_admin/api/token/ HTTP/1.1" 500 106850
INFO 2023-10-07 07:00:36,438 autoreload 266 /Users/zhuwenlong/Desktop/py-vue-mall/meiduo_py_vue/meiduo/users/serializers.py changed, reloading.
INFO 2023-10-07 07:00:36,667 autoreload 677 Watching for file changes with StatReloader
INFO 2023-10-07 07:00:46,661 autoreload 677 Watching for file changes with StatReloader
ERROR 2023-10-07 07:00:49,297 log 241 Internal Server Error: /meiduo_admin/api/token/
Traceback (most recent call last):
  File "/Users/zhuwenlong/Desktop/py-vue-mall/meiduo_py_vue/meiduo/venv/lib/python3.10/site-packages/django/core/handlers/exception.py", line 55, in inner
    response = get_response(request)
  File "/Users/zhuwenlong/Desktop/py-vue-mall/meiduo_py_vue/meiduo/venv/lib/python3.10/site-packages/django/core/handlers/base.py", line 197, in _get_response
    response = wrapped_callback(request, *callback_args, **callback_kwargs)
  File "/Users/zhuwenlong/Desktop/py-vue-mall/meiduo_py_vue/meiduo/venv/lib/python3.10/site-packages/django/views/decorators/csrf.py", line 54, in wrapped_view
    return view_func(*args, **kwargs)
  File "/Users/zhuwenlong/Desktop/py-vue-mall/meiduo_py_vue/meiduo/venv/lib/python3.10/site-packages/django/views/generic/base.py", line 103, in view
    return self.dispatch(request, *args, **kwargs)
  File "/Users/zhuwenlong/Desktop/py-vue-mall/meiduo_py_vue/meiduo/venv/lib/python3.10/site-packages/rest_framework/views.py", line 509, in dispatch
    response = self.handle_exception(exc)
  File "/Users/zhuwenlong/Desktop/py-vue-mall/meiduo_py_vue/meiduo/venv/lib/python3.10/site-packages/rest_framework/views.py", line 469, in handle_exception
    self.raise_uncaught_exception(exc)
  File "/Users/zhuwenlong/Desktop/py-vue-mall/meiduo_py_vue/meiduo/venv/lib/python3.10/site-packages/rest_framework/views.py", line 480, in raise_uncaught_exception
    raise exc
  File "/Users/zhuwenlong/Desktop/py-vue-mall/meiduo_py_vue/meiduo/venv/lib/python3.10/site-packages/rest_framework/views.py", line 506, in dispatch
    response = handler(request, *args, **kwargs)
  File "/Users/zhuwenlong/Desktop/py-vue-mall/meiduo_py_vue/meiduo/venv/lib/python3.10/site-packages/rest_framework_simplejwt/views.py", line 44, in post
    serializer.is_valid(raise_exception=True)
  File "/Users/zhuwenlong/Desktop/py-vue-mall/meiduo_py_vue/meiduo/venv/lib/python3.10/site-packages/rest_framework/serializers.py", line 227, in is_valid
    self._validated_data = self.run_validation(self.initial_data)
  File "/Users/zhuwenlong/Desktop/py-vue-mall/meiduo_py_vue/meiduo/venv/lib/python3.10/site-packages/rest_framework/serializers.py", line 429, in run_validation
    value = self.validate(value)
  File "/Users/zhuwenlong/Desktop/py-vue-mall/meiduo_py_vue/meiduo/venv/lib/python3.10/site-packages/rest_framework_simplejwt/serializers.py", line 78, in validate
    data["access"] = str(refresh.access_token)
AttributeError: 'dict' object has no attribute 'access_token'
ERROR 2023-10-07 07:00:49,298 basehttp 187 "POST /meiduo_admin/api/token/ HTTP/1.1" 500 106804
INFO 2023-10-07 07:03:06,972 autoreload 266 /Users/zhuwenlong/Desktop/py-vue-mall/meiduo_py_vue/meiduo/users/serializers.py changed, reloading.
INFO 2023-10-07 07:03:07,224 autoreload 677 Watching for file changes with StatReloader
INFO 2023-10-07 07:03:08,085 basehttp 187 "POST /meiduo_admin/api/token/ HTTP/1.1" 200 483
INFO 2023-10-07 07:04:03,957 autoreload 266 /Users/zhuwenlong/Desktop/py-vue-mall/meiduo_py_vue/meiduo/users/serializers.py changed, reloading.
INFO 2023-10-07 07:04:04,246 autoreload 677 Watching for file changes with StatReloader
ERROR 2023-10-07 07:04:05,586 log 241 Internal Server Error: /meiduo_admin/api/token/
Traceback (most recent call last):
  File "/Users/zhuwenlong/Desktop/py-vue-mall/meiduo_py_vue/meiduo/venv/lib/python3.10/site-packages/django/core/handlers/exception.py", line 55, in inner
    response = get_response(request)
  File "/Users/zhuwenlong/Desktop/py-vue-mall/meiduo_py_vue/meiduo/venv/lib/python3.10/site-packages/django/core/handlers/base.py", line 197, in _get_response
    response = wrapped_callback(request, *callback_args, **callback_kwargs)
  File "/Users/zhuwenlong/Desktop/py-vue-mall/meiduo_py_vue/meiduo/venv/lib/python3.10/site-packages/django/views/decorators/csrf.py", line 54, in wrapped_view
    return view_func(*args, **kwargs)
  File "/Users/zhuwenlong/Desktop/py-vue-mall/meiduo_py_vue/meiduo/venv/lib/python3.10/site-packages/django/views/generic/base.py", line 103, in view
    return self.dispatch(request, *args, **kwargs)
  File "/Users/zhuwenlong/Desktop/py-vue-mall/meiduo_py_vue/meiduo/venv/lib/python3.10/site-packages/rest_framework/views.py", line 509, in dispatch
    response = self.handle_exception(exc)
  File "/Users/zhuwenlong/Desktop/py-vue-mall/meiduo_py_vue/meiduo/venv/lib/python3.10/site-packages/rest_framework/views.py", line 469, in handle_exception
    self.raise_uncaught_exception(exc)
  File "/Users/zhuwenlong/Desktop/py-vue-mall/meiduo_py_vue/meiduo/venv/lib/python3.10/site-packages/rest_framework/views.py", line 480, in raise_uncaught_exception
    raise exc
  File "/Users/zhuwenlong/Desktop/py-vue-mall/meiduo_py_vue/meiduo/venv/lib/python3.10/site-packages/rest_framework/views.py", line 506, in dispatch
    response = handler(request, *args, **kwargs)
  File "/Users/zhuwenlong/Desktop/py-vue-mall/meiduo_py_vue/meiduo/venv/lib/python3.10/site-packages/rest_framework_simplejwt/views.py", line 44, in post
    serializer.is_valid(raise_exception=True)
  File "/Users/zhuwenlong/Desktop/py-vue-mall/meiduo_py_vue/meiduo/venv/lib/python3.10/site-packages/rest_framework/serializers.py", line 227, in is_valid
    self._validated_data = self.run_validation(self.initial_data)
  File "/Users/zhuwenlong/Desktop/py-vue-mall/meiduo_py_vue/meiduo/venv/lib/python3.10/site-packages/rest_framework/serializers.py", line 429, in run_validation
    value = self.validate(value)
  File "/Users/zhuwenlong/Desktop/py-vue-mall/meiduo_py_vue/meiduo/venv/lib/python3.10/site-packages/rest_framework_simplejwt/serializers.py", line 75, in validate
    refresh = self.get_token(self.user)
  File "/Users/zhuwenlong/Desktop/py-vue-mall/meiduo_py_vue/meiduo/users/serializers.py", line 11, in get_token
    print(77, token.refresh)
AttributeError: 'RefreshToken' object has no attribute 'refresh'
ERROR 2023-10-07 07:04:05,587 basehttp 187 "POST /meiduo_admin/api/token/ HTTP/1.1" 500 110156
INFO 2023-10-07 07:04:27,075 autoreload 266 /Users/zhuwenlong/Desktop/py-vue-mall/meiduo_py_vue/meiduo/users/serializers.py changed, reloading.
INFO 2023-10-07 07:04:27,319 autoreload 677 Watching for file changes with StatReloader
ERROR 2023-10-07 07:04:28,729 log 241 Internal Server Error: /meiduo_admin/api/token/
Traceback (most recent call last):
  File "/Users/zhuwenlong/Desktop/py-vue-mall/meiduo_py_vue/meiduo/venv/lib/python3.10/site-packages/django/core/handlers/exception.py", line 55, in inner
    response = get_response(request)
  File "/Users/zhuwenlong/Desktop/py-vue-mall/meiduo_py_vue/meiduo/venv/lib/python3.10/site-packages/django/core/handlers/base.py", line 197, in _get_response
    response = wrapped_callback(request, *callback_args, **callback_kwargs)
  File "/Users/zhuwenlong/Desktop/py-vue-mall/meiduo_py_vue/meiduo/venv/lib/python3.10/site-packages/django/views/decorators/csrf.py", line 54, in wrapped_view
    return view_func(*args, **kwargs)
  File "/Users/zhuwenlong/Desktop/py-vue-mall/meiduo_py_vue/meiduo/venv/lib/python3.10/site-packages/django/views/generic/base.py", line 103, in view
    return self.dispatch(request, *args, **kwargs)
  File "/Users/zhuwenlong/Desktop/py-vue-mall/meiduo_py_vue/meiduo/venv/lib/python3.10/site-packages/rest_framework/views.py", line 509, in dispatch
    response = self.handle_exception(exc)
  File "/Users/zhuwenlong/Desktop/py-vue-mall/meiduo_py_vue/meiduo/venv/lib/python3.10/site-packages/rest_framework/views.py", line 469, in handle_exception
    self.raise_uncaught_exception(exc)
  File "/Users/zhuwenlong/Desktop/py-vue-mall/meiduo_py_vue/meiduo/venv/lib/python3.10/site-packages/rest_framework/views.py", line 480, in raise_uncaught_exception
    raise exc
  File "/Users/zhuwenlong/Desktop/py-vue-mall/meiduo_py_vue/meiduo/venv/lib/python3.10/site-packages/rest_framework/views.py", line 506, in dispatch
    response = handler(request, *args, **kwargs)
  File "/Users/zhuwenlong/Desktop/py-vue-mall/meiduo_py_vue/meiduo/venv/lib/python3.10/site-packages/rest_framework_simplejwt/views.py", line 44, in post
    serializer.is_valid(raise_exception=True)
  File "/Users/zhuwenlong/Desktop/py-vue-mall/meiduo_py_vue/meiduo/venv/lib/python3.10/site-packages/rest_framework/serializers.py", line 227, in is_valid
    self._validated_data = self.run_validation(self.initial_data)
  File "/Users/zhuwenlong/Desktop/py-vue-mall/meiduo_py_vue/meiduo/venv/lib/python3.10/site-packages/rest_framework/serializers.py", line 429, in run_validation
    value = self.validate(value)
  File "/Users/zhuwenlong/Desktop/py-vue-mall/meiduo_py_vue/meiduo/venv/lib/python3.10/site-packages/rest_framework_simplejwt/serializers.py", line 75, in validate
    refresh = self.get_token(self.user)
  File "/Users/zhuwenlong/Desktop/py-vue-mall/meiduo_py_vue/meiduo/users/serializers.py", line 12, in get_token
    print(66, token.access)
AttributeError: 'RefreshToken' object has no attribute 'access'
ERROR 2023-10-07 07:04:28,730 basehttp 187 "POST /meiduo_admin/api/token/ HTTP/1.1" 500 110169
INFO 2023-10-07 07:04:35,792 autoreload 266 /Users/zhuwenlong/Desktop/py-vue-mall/meiduo_py_vue/meiduo/users/serializers.py changed, reloading.
INFO 2023-10-07 07:04:36,012 autoreload 677 Watching for file changes with StatReloader
INFO 2023-10-07 07:04:36,435 basehttp 187 "POST /meiduo_admin/api/token/ HTTP/1.1" 200 483
INFO 2023-10-07 07:05:42,146 autoreload 266 /Users/zhuwenlong/Desktop/py-vue-mall/meiduo_py_vue/meiduo/users/serializers.py changed, reloading.
INFO 2023-10-07 07:05:42,486 autoreload 677 Watching for file changes with StatReloader
INFO 2023-10-07 07:05:43,715 basehttp 187 "POST /meiduo_admin/api/token/ HTTP/1.1" 200 483
INFO 2023-10-07 07:16:10,669 autoreload 266 /Users/zhuwenlong/Desktop/py-vue-mall/meiduo_py_vue/meiduo/meiduo/settings.py changed, reloading.
INFO 2023-10-07 07:16:11,027 autoreload 677 Watching for file changes with StatReloader
INFO 2023-10-07 07:25:37,424 autoreload 266 /Users/zhuwenlong/Desktop/py-vue-mall/meiduo_py_vue/meiduo/meiduo_admin/urls.py changed, reloading.
INFO 2023-10-07 07:25:37,734 autoreload 677 Watching for file changes with StatReloader
ERROR 2023-10-07 07:25:46,550 log 241 Internal Server Error: /meiduo_admin/api/token/
Traceback (most recent call last):
  File "/Users/zhuwenlong/Desktop/py-vue-mall/meiduo_py_vue/meiduo/venv/lib/python3.10/site-packages/django/core/handlers/exception.py", line 55, in inner
    response = get_response(request)
  File "/Users/zhuwenlong/Desktop/py-vue-mall/meiduo_py_vue/meiduo/venv/lib/python3.10/site-packages/django/core/handlers/base.py", line 197, in _get_response
    response = wrapped_callback(request, *callback_args, **callback_kwargs)
  File "/Users/zhuwenlong/Desktop/py-vue-mall/meiduo_py_vue/meiduo/venv/lib/python3.10/site-packages/django/views/decorators/csrf.py", line 54, in wrapped_view
    return view_func(*args, **kwargs)
  File "/Users/zhuwenlong/Desktop/py-vue-mall/meiduo_py_vue/meiduo/venv/lib/python3.10/site-packages/django/views/generic/base.py", line 103, in view
    return self.dispatch(request, *args, **kwargs)
  File "/Users/zhuwenlong/Desktop/py-vue-mall/meiduo_py_vue/meiduo/venv/lib/python3.10/site-packages/rest_framework/views.py", line 509, in dispatch
    response = self.handle_exception(exc)
  File "/Users/zhuwenlong/Desktop/py-vue-mall/meiduo_py_vue/meiduo/venv/lib/python3.10/site-packages/rest_framework/views.py", line 469, in handle_exception
    self.raise_uncaught_exception(exc)
  File "/Users/zhuwenlong/Desktop/py-vue-mall/meiduo_py_vue/meiduo/venv/lib/python3.10/site-packages/rest_framework/views.py", line 480, in raise_uncaught_exception
    raise exc
  File "/Users/zhuwenlong/Desktop/py-vue-mall/meiduo_py_vue/meiduo/venv/lib/python3.10/site-packages/rest_framework/views.py", line 506, in dispatch
    response = handler(request, *args, **kwargs)
  File "/Users/zhuwenlong/Desktop/py-vue-mall/meiduo_py_vue/meiduo/venv/lib/python3.10/site-packages/rest_framework_simplejwt/views.py", line 44, in post
    serializer.is_valid(raise_exception=True)
  File "/Users/zhuwenlong/Desktop/py-vue-mall/meiduo_py_vue/meiduo/venv/lib/python3.10/site-packages/rest_framework/serializers.py", line 227, in is_valid
    self._validated_data = self.run_validation(self.initial_data)
  File "/Users/zhuwenlong/Desktop/py-vue-mall/meiduo_py_vue/meiduo/venv/lib/python3.10/site-packages/rest_framework/serializers.py", line 429, in run_validation
    value = self.validate(value)
  File "/Users/zhuwenlong/Desktop/py-vue-mall/meiduo_py_vue/meiduo/venv/lib/python3.10/site-packages/rest_framework_simplejwt/serializers.py", line 75, in validate
    refresh = self.get_token(self.user)
  File "/Users/zhuwenlong/Desktop/py-vue-mall/meiduo_py_vue/meiduo/meiduo_admin/serializers/customJwtLogin.py", line 11, in get_token
    token['name'] = user.name
AttributeError: 'User' object has no attribute 'name'
ERROR 2023-10-07 07:25:46,551 basehttp 187 "POST /meiduo_admin/api/token/ HTTP/1.1" 500 109898
INFO 2023-10-07 07:26:12,016 autoreload 266 /Users/zhuwenlong/Desktop/py-vue-mall/meiduo_py_vue/meiduo/meiduo_admin/serializers/customJwtLogin.py changed, reloading.
INFO 2023-10-07 07:26:12,326 autoreload 677 Watching for file changes with StatReloader
INFO 2023-10-07 07:26:13,387 basehttp 187 "POST /meiduo_admin/api/token/ HTTP/1.1" 200 523
INFO 2023-10-07 07:29:33,572 autoreload 266 /Users/zhuwenlong/Desktop/py-vue-mall/meiduo_py_vue/meiduo/meiduo/settings.py changed, reloading.
INFO 2023-10-07 07:29:33,871 autoreload 677 Watching for file changes with StatReloader
INFO 2023-10-07 07:29:35,050 basehttp 187 "POST /meiduo_admin/api/token/ HTTP/1.1" 200 523
INFO 2023-10-07 07:31:20,950 autoreload 266 /Users/zhuwenlong/Desktop/py-vue-mall/meiduo_py_vue/meiduo/meiduo_admin/serializers/customJwtLogin.py changed, reloading.
INFO 2023-10-07 07:31:21,265 autoreload 677 Watching for file changes with StatReloader
INFO 2023-10-07 07:31:23,853 basehttp 187 "POST /meiduo_admin/api/token/ HTTP/1.1" 200 554
INFO 2023-10-07 07:31:35,911 autoreload 266 /Users/zhuwenlong/Desktop/py-vue-mall/meiduo_py_vue/meiduo/meiduo_admin/serializers/customJwtLogin.py changed, reloading.
INFO 2023-10-07 07:31:36,175 autoreload 677 Watching for file changes with StatReloader
INFO 2023-10-07 07:32:02,066 autoreload 266 /Users/zhuwenlong/Desktop/py-vue-mall/meiduo_py_vue/meiduo/meiduo_admin/serializers/customJwtLogin.py changed, reloading.
INFO 2023-10-07 07:32:02,287 autoreload 677 Watching for file changes with StatReloader
INFO 2023-10-07 07:32:02,437 basehttp 187 "POST /meiduo_admin/api/token/ HTTP/1.1" 200 554
INFO 2023-10-07 07:33:47,335 autoreload 266 /Users/zhuwenlong/Desktop/py-vue-mall/meiduo_py_vue/meiduo/meiduo_admin/serializers/customJwtLogin.py changed, reloading.
INFO 2023-10-07 07:33:47,638 autoreload 677 Watching for file changes with StatReloader
INFO 2023-10-07 07:34:45,343 autoreload 266 /Users/zhuwenlong/Desktop/py-vue-mall/meiduo_py_vue/meiduo/meiduo_admin/serializers/customJwtLogin.py changed, reloading.
INFO 2023-10-07 07:34:45,718 autoreload 677 Watching for file changes with StatReloader
INFO 2023-10-07 07:35:04,403 autoreload 266 /Users/zhuwenlong/Desktop/py-vue-mall/meiduo_py_vue/meiduo/meiduo_admin/serializers/customJwtLogin.py changed, reloading.
INFO 2023-10-07 07:35:04,733 autoreload 677 Watching for file changes with StatReloader
INFO 2023-10-07 07:35:04,983 basehttp 187 "POST /meiduo_admin/api/token/ HTTP/1.1" 200 514
INFO 2023-10-07 07:35:45,928 autoreload 266 /Users/zhuwenlong/Desktop/py-vue-mall/meiduo_py_vue/meiduo/meiduo/settings.py changed, reloading.
INFO 2023-10-07 07:35:46,205 autoreload 677 Watching for file changes with StatReloader
INFO 2023-10-07 07:37:11,767 autoreload 266 /Users/zhuwenlong/Desktop/py-vue-mall/meiduo_py_vue/meiduo/meiduo_admin/urls.py changed, reloading.
INFO 2023-10-07 07:37:12,089 autoreload 677 Watching for file changes with StatReloader
INFO 2023-10-07 07:37:15,289 basehttp 187 "POST /meiduo_admin/authorizations/ HTTP/1.1" 200 514
INFO 2023-10-07 07:37:51,453 autoreload 266 /Users/zhuwenlong/Desktop/py-vue-mall/meiduo_py_vue/meiduo/meiduo_admin/urls.py changed, reloading.
INFO 2023-10-07 07:37:51,746 autoreload 677 Watching for file changes with StatReloader
INFO 2023-10-07 07:38:14,613 autoreload 266 /Users/zhuwenlong/Desktop/py-vue-mall/meiduo_py_vue/meiduo/meiduo_admin/urls.py changed, reloading.
INFO 2023-10-07 07:38:14,913 autoreload 677 Watching for file changes with StatReloader
INFO 2023-10-07 07:40:43,942 basehttp 187 "OPTIONS /meiduo_admin/authorizations/ HTTP/1.1" 200 0
INFO 2023-10-07 07:40:44,066 basehttp 187 "POST /meiduo_admin/authorizations/ HTTP/1.1" 200 514
INFO 2023-10-07 07:40:44,097 basehttp 187 "OPTIONS /meiduo_admin/statistical/total_count/ HTTP/1.1" 200 0
INFO 2023-10-07 07:40:44,098 basehttp 187 "OPTIONS /meiduo_admin/statistical/day_increment/ HTTP/1.1" 200 0
INFO 2023-10-07 07:40:44,100 basehttp 187 "OPTIONS /meiduo_admin/statistical/day_orders/ HTTP/1.1" 200 0
INFO 2023-10-07 07:40:44,100 basehttp 187 "OPTIONS /meiduo_admin/statistical/goods_day_views/ HTTP/1.1" 200 0
INFO 2023-10-07 07:40:44,101 basehttp 187 "OPTIONS /meiduo_admin/statistical/day_active/ HTTP/1.1" 200 0
INFO 2023-10-07 07:40:44,103 basehttp 187 "OPTIONS /meiduo_admin/statistical/day_orders/ HTTP/1.1" 200 0
INFO 2023-10-07 07:40:44,103 basehttp 187 "OPTIONS /meiduo_admin/statistical/month_increment/ HTTP/1.1" 200 0
INFO 2023-10-07 07:40:44,104 basehttp 187 "OPTIONS /meiduo_admin/statistical/day_active/ HTTP/1.1" 200 0
WARNING 2023-10-07 07:40:44,122 log 241 Not Found: /meiduo_admin/statistical/goods_day_views/
WARNING 2023-10-07 07:40:44,122 log 241 Not Found: /meiduo_admin/statistical/total_count/
WARNING 2023-10-07 07:40:44,122 log 241 Not Found: /meiduo_admin/statistical/day_active/
WARNING 2023-10-07 07:40:44,123 log 241 Not Found: /meiduo_admin/statistical/day_orders/
WARNING 2023-10-07 07:40:44,123 log 241 Not Found: /meiduo_admin/statistical/month_increment/
WARNING 2023-10-07 07:40:44,123 log 241 Not Found: /meiduo_admin/statistical/day_increment/
WARNING 2023-10-07 07:40:44,123 basehttp 187 "GET /meiduo_admin/statistical/goods_day_views/ HTTP/1.1" 404 2300
WARNING 2023-10-07 07:40:44,124 basehttp 187 "GET /meiduo_admin/statistical/total_count/ HTTP/1.1" 404 2288
WARNING 2023-10-07 07:40:44,124 basehttp 187 "GET /meiduo_admin/statistical/day_active/ HTTP/1.1" 404 2285
WARNING 2023-10-07 07:40:44,124 basehttp 187 "GET /meiduo_admin/statistical/day_orders/ HTTP/1.1" 404 2285
WARNING 2023-10-07 07:40:44,124 basehttp 187 "GET /meiduo_admin/statistical/month_increment/ HTTP/1.1" 404 2300
WARNING 2023-10-07 07:40:44,125 basehttp 187 "GET /meiduo_admin/statistical/day_increment/ HTTP/1.1" 404 2294
WARNING 2023-10-07 07:40:44,130 log 241 Not Found: /meiduo_admin/statistical/day_orders/
WARNING 2023-10-07 07:40:44,131 log 241 Not Found: /meiduo_admin/statistical/day_active/
WARNING 2023-10-07 07:40:44,131 basehttp 187 "GET /meiduo_admin/statistical/day_active/ HTTP/1.1" 404 2285
WARNING 2023-10-07 07:40:44,131 basehttp 187 "GET /meiduo_admin/statistical/day_orders/ HTTP/1.1" 404 2285
INFO 2023-10-07 07:42:20,514 basehttp 187 "POST /meiduo_admin/authorizations/ HTTP/1.1" 200 514
WARNING 2023-10-07 07:42:20,546 log 241 Not Found: /meiduo_admin/statistical/total_count/
WARNING 2023-10-07 07:42:20,546 log 241 Not Found: /meiduo_admin/statistical/goods_day_views/
WARNING 2023-10-07 07:42:20,547 log 241 Not Found: /meiduo_admin/statistical/day_increment/
WARNING 2023-10-07 07:42:20,547 log 241 Not Found: /meiduo_admin/statistical/month_increment/
WARNING 2023-10-07 07:42:20,547 basehttp 187 "GET /meiduo_admin/statistical/total_count/ HTTP/1.1" 404 2288
WARNING 2023-10-07 07:42:20,547 basehttp 187 "GET /meiduo_admin/statistical/goods_day_views/ HTTP/1.1" 404 2300
WARNING 2023-10-07 07:42:20,547 log 241 Not Found: /meiduo_admin/statistical/day_active/
WARNING 2023-10-07 07:42:20,548 log 241 Not Found: /meiduo_admin/statistical/day_orders/
WARNING 2023-10-07 07:42:20,548 basehttp 187 "GET /meiduo_admin/statistical/day_increment/ HTTP/1.1" 404 2294
WARNING 2023-10-07 07:42:20,548 basehttp 187 "GET /meiduo_admin/statistical/month_increment/ HTTP/1.1" 404 2300
WARNING 2023-10-07 07:42:20,549 basehttp 187 "GET /meiduo_admin/statistical/day_active/ HTTP/1.1" 404 2285
WARNING 2023-10-07 07:42:20,549 basehttp 187 "GET /meiduo_admin/statistical/day_orders/ HTTP/1.1" 404 2285
WARNING 2023-10-07 07:42:20,553 log 241 Not Found: /meiduo_admin/statistical/day_active/
WARNING 2023-10-07 07:42:20,553 log 241 Not Found: /meiduo_admin/statistical/day_orders/
WARNING 2023-10-07 07:42:20,554 basehttp 187 "GET /meiduo_admin/statistical/day_active/ HTTP/1.1" 404 2285
WARNING 2023-10-07 07:42:20,554 basehttp 187 "GET /meiduo_admin/statistical/day_orders/ HTTP/1.1" 404 2285
INFO 2023-10-07 07:43:09,216 basehttp 187 "POST /meiduo_admin/authorizations/ HTTP/1.1" 200 514
WARNING 2023-10-07 07:43:09,243 log 241 Not Found: /meiduo_admin/statistical/total_count/
WARNING 2023-10-07 07:43:09,243 log 241 Not Found: /meiduo_admin/statistical/month_increment/
WARNING 2023-10-07 07:43:09,244 log 241 Not Found: /meiduo_admin/statistical/goods_day_views/
WARNING 2023-10-07 07:43:09,244 log 241 Not Found: /meiduo_admin/statistical/day_orders/
WARNING 2023-10-07 07:43:09,244 log 241 Not Found: /meiduo_admin/statistical/day_increment/
WARNING 2023-10-07 07:43:09,244 basehttp 187 "GET /meiduo_admin/statistical/total_count/ HTTP/1.1" 404 2288
WARNING 2023-10-07 07:43:09,245 basehttp 187 "GET /meiduo_admin/statistical/month_increment/ HTTP/1.1" 404 2300
WARNING 2023-10-07 07:43:09,245 basehttp 187 "GET /meiduo_admin/statistical/goods_day_views/ HTTP/1.1" 404 2300
WARNING 2023-10-07 07:43:09,245 basehttp 187 "GET /meiduo_admin/statistical/day_orders/ HTTP/1.1" 404 2285
WARNING 2023-10-07 07:43:09,245 log 241 Not Found: /meiduo_admin/statistical/day_active/
WARNING 2023-10-07 07:43:09,245 basehttp 187 "GET /meiduo_admin/statistical/day_increment/ HTTP/1.1" 404 2294
WARNING 2023-10-07 07:43:09,246 basehttp 187 "GET /meiduo_admin/statistical/day_active/ HTTP/1.1" 404 2285
WARNING 2023-10-07 07:43:09,250 log 241 Not Found: /meiduo_admin/statistical/day_orders/
WARNING 2023-10-07 07:43:09,250 log 241 Not Found: /meiduo_admin/statistical/day_active/
WARNING 2023-10-07 07:43:09,250 basehttp 187 "GET /meiduo_admin/statistical/day_orders/ HTTP/1.1" 404 2285
WARNING 2023-10-07 07:43:09,250 basehttp 187 "GET /meiduo_admin/statistical/day_active/ HTTP/1.1" 404 2285
INFO 2023-10-07 07:43:30,598 basehttp 187 "POST /meiduo_admin/authorizations/ HTTP/1.1" 200 514
INFO 2023-10-07 07:45:51,866 basehttp 187 "POST /meiduo_admin/authorizations/ HTTP/1.1" 200 514
INFO 2023-10-07 07:56:20,789 autoreload 266 /Users/zhuwenlong/Desktop/py-vue-mall/meiduo_py_vue/meiduo/meiduo_admin/urls.py changed, reloading.
INFO 2023-10-07 07:56:21,165 autoreload 677 Watching for file changes with StatReloader
INFO 2023-10-07 07:56:46,017 autoreload 266 /Users/zhuwenlong/Desktop/py-vue-mall/meiduo_py_vue/meiduo/meiduo_admin/urls.py changed, reloading.
INFO 2023-10-07 07:56:46,330 autoreload 677 Watching for file changes with StatReloader
INFO 2023-10-07 07:56:54,679 basehttp 187 "POST /meiduo_admin/authorizations/ HTTP/1.1" 200 514
WARNING 2023-10-07 07:56:54,703 log 241 Forbidden: /meiduo_admin/statistical/total_count/
WARNING 2023-10-07 07:56:54,704 log 241 Forbidden: /meiduo_admin/statistical/day_increment/
WARNING 2023-10-07 07:56:54,705 log 241 Forbidden: /meiduo_admin/statistical/day_active/
WARNING 2023-10-07 07:56:54,705 basehttp 187 "GET /meiduo_admin/statistical/total_count/ HTTP/1.1" 403 58
WARNING 2023-10-07 07:56:54,706 log 241 Forbidden: /meiduo_admin/statistical/day_orders/
WARNING 2023-10-07 07:56:54,707 log 241 Forbidden: /meiduo_admin/statistical/month_increment/
WARNING 2023-10-07 07:56:54,708 log 241 Forbidden: /meiduo_admin/statistical/goods_day_views/
WARNING 2023-10-07 07:56:54,708 basehttp 187 "GET /meiduo_admin/statistical/day_increment/ HTTP/1.1" 403 58
WARNING 2023-10-07 07:56:54,708 basehttp 187 "GET /meiduo_admin/statistical/day_active/ HTTP/1.1" 403 58
WARNING 2023-10-07 07:56:54,709 basehttp 187 "GET /meiduo_admin/statistical/day_orders/ HTTP/1.1" 403 58
WARNING 2023-10-07 07:56:54,709 basehttp 187 "GET /meiduo_admin/statistical/month_increment/ HTTP/1.1" 403 58
WARNING 2023-10-07 07:56:54,709 basehttp 187 "GET /meiduo_admin/statistical/goods_day_views/ HTTP/1.1" 403 58
WARNING 2023-10-07 07:56:54,711 log 241 Forbidden: /meiduo_admin/statistical/day_active/
WARNING 2023-10-07 07:56:54,712 log 241 Forbidden: /meiduo_admin/statistical/day_orders/
WARNING 2023-10-07 07:56:54,712 basehttp 187 "GET /meiduo_admin/statistical/day_active/ HTTP/1.1" 403 58
WARNING 2023-10-07 07:56:54,712 basehttp 187 "GET /meiduo_admin/statistical/day_orders/ HTTP/1.1" 403 58
WARNING 2023-10-07 08:01:01,474 log 241 Not Found: /meiduo_admin/api/statistical/total_count/
WARNING 2023-10-07 08:01:01,475 basehttp 187 "GET /meiduo_admin/api/statistical/total_count/ HTTP/1.1" 404 3430
INFO 2023-10-07 08:03:38,868 autoreload 266 /Users/zhuwenlong/Desktop/py-vue-mall/meiduo_py_vue/meiduo/meiduo_admin/home/home_views.py changed, reloading.
INFO 2023-10-07 08:03:39,185 autoreload 677 Watching for file changes with StatReloader
WARNING 2023-10-07 08:03:39,796 log 241 Not Found: /meiduo_admin/api/statistical/total_count/
WARNING 2023-10-07 08:03:39,796 basehttp 187 "GET /meiduo_admin/api/statistical/total_count/ HTTP/1.1" 404 3430
INFO 2023-10-07 08:14:23,757 autoreload 266 /Users/zhuwenlong/Desktop/py-vue-mall/meiduo_py_vue/meiduo/meiduo_admin/home/home_views.py changed, reloading.
INFO 2023-10-07 08:14:24,111 autoreload 677 Watching for file changes with StatReloader
INFO 2023-10-07 08:14:51,006 autoreload 266 /Users/zhuwenlong/Desktop/py-vue-mall/meiduo_py_vue/meiduo/meiduo_admin/home/home_views.py changed, reloading.
INFO 2023-10-07 08:14:51,326 autoreload 677 Watching for file changes with StatReloader
INFO 2023-10-07 08:17:49,649 autoreload 677 Watching for file changes with StatReloader
WARNING 2023-10-07 08:17:57,446 log 241 Not Found: /meiduo_admin/api/token/
WARNING 2023-10-07 08:17:57,447 basehttp 187 "POST /meiduo_admin/api/token/ HTTP/1.1" 404 3377
INFO 2023-10-07 08:18:11,032 basehttp 187 "POST /meiduo_admin/authorizations/ HTTP/1.1" 200 514
WARNING 2023-10-07 08:18:53,200 log 241 Not Found: /meiduo_admin/api/statistical/total_count/
WARNING 2023-10-07 08:18:53,200 basehttp 187 "GET /meiduo_admin/api/statistical/total_count/ HTTP/1.1" 404 3430
INFO 2023-10-07 08:19:17,183 autoreload 677 Watching for file changes with StatReloader
INFO 2023-10-07 08:19:45,705 autoreload 677 Watching for file changes with StatReloader
INFO 2023-10-07 08:20:00,491 basehttp 187 "POST /meiduo_admin/authorizations/ HTTP/1.1" 200 514
WARNING 2023-10-07 08:20:00,517 log 241 Forbidden: /meiduo_admin/statistical/day_increment/
WARNING 2023-10-07 08:20:00,518 log 241 Forbidden: /meiduo_admin/statistical/total_count/
WARNING 2023-10-07 08:20:00,520 log 241 Forbidden: /meiduo_admin/statistical/day_active/
WARNING 2023-10-07 08:20:00,522 log 241 Forbidden: /meiduo_admin/statistical/day_orders/
WARNING 2023-10-07 08:20:00,522 basehttp 187 "GET /meiduo_admin/statistical/total_count/ HTTP/1.1" 403 58
WARNING 2023-10-07 08:20:00,523 log 241 Forbidden: /meiduo_admin/statistical/month_increment/
WARNING 2023-10-07 08:20:00,523 basehttp 187 "GET /meiduo_admin/statistical/day_increment/ HTTP/1.1" 403 58
WARNING 2023-10-07 08:20:00,525 log 241 Forbidden: /meiduo_admin/statistical/goods_day_views/
WARNING 2023-10-07 08:20:00,525 basehttp 187 "GET /meiduo_admin/statistical/day_active/ HTTP/1.1" 403 58
WARNING 2023-10-07 08:20:00,526 basehttp 187 "GET /meiduo_admin/statistical/day_orders/ HTTP/1.1" 403 58
WARNING 2023-10-07 08:20:00,526 basehttp 187 "GET /meiduo_admin/statistical/month_increment/ HTTP/1.1" 403 58
WARNING 2023-10-07 08:20:00,527 basehttp 187 "GET /meiduo_admin/statistical/goods_day_views/ HTTP/1.1" 403 58
WARNING 2023-10-07 08:20:00,528 log 241 Forbidden: /meiduo_admin/statistical/day_active/
WARNING 2023-10-07 08:20:00,529 log 241 Forbidden: /meiduo_admin/statistical/day_orders/
WARNING 2023-10-07 08:20:00,530 basehttp 187 "GET /meiduo_admin/statistical/day_orders/ HTTP/1.1" 403 58
WARNING 2023-10-07 08:20:00,530 basehttp 187 "GET /meiduo_admin/statistical/day_active/ HTTP/1.1" 403 58
INFO 2023-10-07 08:20:45,064 basehttp 187 "POST /meiduo_admin/authorizations/ HTTP/1.1" 200 514
WARNING 2023-10-07 08:20:45,081 log 241 Forbidden: /meiduo_admin/statistical/total_count/
WARNING 2023-10-07 08:20:45,083 log 241 Forbidden: /meiduo_admin/statistical/day_increment/
WARNING 2023-10-07 08:20:45,084 log 241 Forbidden: /meiduo_admin/statistical/day_active/
WARNING 2023-10-07 08:20:45,086 log 241 Forbidden: /meiduo_admin/statistical/month_increment/
WARNING 2023-10-07 08:20:45,087 log 241 Forbidden: /meiduo_admin/statistical/day_orders/
WARNING 2023-10-07 08:20:45,088 log 241 Forbidden: /meiduo_admin/statistical/goods_day_views/
WARNING 2023-10-07 08:20:45,089 basehttp 187 "GET /meiduo_admin/statistical/total_count/ HTTP/1.1" 403 58
WARNING 2023-10-07 08:20:45,089 basehttp 187 "GET /meiduo_admin/statistical/day_increment/ HTTP/1.1" 403 58
WARNING 2023-10-07 08:20:45,090 basehttp 187 "GET /meiduo_admin/statistical/day_active/ HTTP/1.1" 403 58
WARNING 2023-10-07 08:20:45,090 basehttp 187 "GET /meiduo_admin/statistical/month_increment/ HTTP/1.1" 403 58
WARNING 2023-10-07 08:20:45,091 basehttp 187 "GET /meiduo_admin/statistical/day_orders/ HTTP/1.1" 403 58
WARNING 2023-10-07 08:20:45,091 basehttp 187 "GET /meiduo_admin/statistical/goods_day_views/ HTTP/1.1" 403 58
WARNING 2023-10-07 08:20:45,093 log 241 Forbidden: /meiduo_admin/statistical/day_orders/
WARNING 2023-10-07 08:20:45,094 log 241 Forbidden: /meiduo_admin/statistical/day_active/
WARNING 2023-10-07 08:20:45,095 basehttp 187 "GET /meiduo_admin/statistical/day_orders/ HTTP/1.1" 403 58
WARNING 2023-10-07 08:20:45,095 basehttp 187 "GET /meiduo_admin/statistical/day_active/ HTTP/1.1" 403 58
INFO 2023-10-07 08:20:53,779 autoreload 677 Watching for file changes with StatReloader
INFO 2023-10-07 08:21:09,691 basehttp 187 "POST /meiduo_admin/authorizations/ HTTP/1.1" 200 514
WARNING 2023-10-07 08:21:09,714 log 241 Forbidden: /meiduo_admin/statistical/day_increment/
WARNING 2023-10-07 08:21:09,715 log 241 Forbidden: /meiduo_admin/statistical/total_count/
WARNING 2023-10-07 08:21:09,715 basehttp 187 "GET /meiduo_admin/statistical/day_increment/ HTTP/1.1" 403 58
WARNING 2023-10-07 08:21:09,717 log 241 Forbidden: /meiduo_admin/statistical/day_active/
WARNING 2023-10-07 08:21:09,718 log 241 Forbidden: /meiduo_admin/statistical/day_orders/
WARNING 2023-10-07 08:21:09,720 log 241 Forbidden: /meiduo_admin/statistical/month_increment/
WARNING 2023-10-07 08:21:09,723 basehttp 187 "GET /meiduo_admin/statistical/month_increment/ HTTP/1.1" 403 58
WARNING 2023-10-07 08:21:09,721 log 241 Forbidden: /meiduo_admin/statistical/goods_day_views/
WARNING 2023-10-07 08:21:09,722 basehttp 187 "GET /meiduo_admin/statistical/day_active/ HTTP/1.1" 403 58
WARNING 2023-10-07 08:21:09,723 basehttp 187 "GET /meiduo_admin/statistical/day_orders/ HTTP/1.1" 403 58
WARNING 2023-10-07 08:21:09,722 basehttp 187 "GET /meiduo_admin/statistical/total_count/ HTTP/1.1" 403 58
WARNING 2023-10-07 08:21:09,724 basehttp 187 "GET /meiduo_admin/statistical/goods_day_views/ HTTP/1.1" 403 58
WARNING 2023-10-07 08:21:09,725 log 241 Forbidden: /meiduo_admin/statistical/day_active/
WARNING 2023-10-07 08:21:09,726 log 241 Forbidden: /meiduo_admin/statistical/day_orders/
WARNING 2023-10-07 08:21:09,727 basehttp 187 "GET /meiduo_admin/statistical/day_active/ HTTP/1.1" 403 58
WARNING 2023-10-07 08:21:09,727 basehttp 187 "GET /meiduo_admin/statistical/day_orders/ HTTP/1.1" 403 58
INFO 2023-10-07 08:21:44,689 autoreload 677 Watching for file changes with StatReloader
WARNING 2023-10-07 08:21:50,234 log 241 Not Found: /meiduo_admin/api/statistical/total_count/
WARNING 2023-10-07 08:21:50,240 basehttp 187 "GET /meiduo_admin/api/statistical/total_count/ HTTP/1.1" 404 2487
INFO 2023-10-07 08:26:23,394 basehttp 187 "POST /meiduo_admin/authorizations/ HTTP/1.1" 200 514
WARNING 2023-10-07 08:26:23,426 log 241 Forbidden: /meiduo_admin/statistical/total_count/
WARNING 2023-10-07 08:26:23,431 basehttp 187 "GET /meiduo_admin/statistical/total_count/ HTTP/1.1" 403 58
WARNING 2023-10-07 08:26:23,444 log 241 Not Found: /meiduo_admin/statistical/day_active/
WARNING 2023-10-07 08:26:23,448 basehttp 187 "GET /meiduo_admin/statistical/day_active/ HTTP/1.1" 404 2472
WARNING 2023-10-07 08:26:23,449 log 241 Not Found: /meiduo_admin/statistical/day_orders/
WARNING 2023-10-07 08:26:23,450 log 241 Not Found: /meiduo_admin/statistical/day_increment/
WARNING 2023-10-07 08:26:23,451 basehttp 187 "GET /meiduo_admin/statistical/day_increment/ HTTP/1.1" 404 2481
WARNING 2023-10-07 08:26:23,452 basehttp 187 "GET /meiduo_admin/statistical/day_orders/ HTTP/1.1" 404 2472
WARNING 2023-10-07 08:26:23,453 log 241 Not Found: /meiduo_admin/statistical/month_increment/
WARNING 2023-10-07 08:26:23,454 log 241 Not Found: /meiduo_admin/statistical/goods_day_views/
WARNING 2023-10-07 08:26:23,461 log 241 Not Found: /meiduo_admin/statistical/day_orders/
WARNING 2023-10-07 08:26:23,462 log 241 Not Found: /meiduo_admin/statistical/day_active/
WARNING 2023-10-07 08:26:23,462 basehttp 187 "GET /meiduo_admin/statistical/month_increment/ HTTP/1.1" 404 2487
WARNING 2023-10-07 08:26:23,462 basehttp 187 "GET /meiduo_admin/statistical/goods_day_views/ HTTP/1.1" 404 2487
WARNING 2023-10-07 08:26:23,463 basehttp 187 "GET /meiduo_admin/statistical/day_active/ HTTP/1.1" 404 2472
WARNING 2023-10-07 08:26:23,463 basehttp 187 "GET /meiduo_admin/statistical/day_orders/ HTTP/1.1" 404 2472
WARNING 2023-10-07 08:30:30,402 log 241 Not Found: /meiduo_admin/statistical/day_increment/
WARNING 2023-10-07 08:30:30,403 log 241 Not Found: /meiduo_admin/statistical/day_active/
WARNING 2023-10-07 08:30:30,404 log 241 Not Found: /meiduo_admin/statistical/day_orders/
WARNING 2023-10-07 08:30:30,405 basehttp 187 "GET /meiduo_admin/statistical/day_increment/ HTTP/1.1" 404 2481
WARNING 2023-10-07 08:30:30,405 basehttp 187 "GET /meiduo_admin/statistical/day_active/ HTTP/1.1" 404 2472
WARNING 2023-10-07 08:30:30,407 basehttp 187 "GET /meiduo_admin/statistical/day_orders/ HTTP/1.1" 404 2472
WARNING 2023-10-07 08:30:59,354 log 241 Not Found: /meiduo_admin/statistical/day_active/
WARNING 2023-10-07 08:30:59,359 log 241 Not Found: /meiduo_admin/statistical/day_increment/
WARNING 2023-10-07 08:30:59,362 log 241 Not Found: /meiduo_admin/statistical/day_orders/
WARNING 2023-10-07 08:30:59,365 basehttp 187 "GET /meiduo_admin/statistical/day_active/ HTTP/1.1" 404 2472
WARNING 2023-10-07 08:30:59,366 basehttp 187 "GET /meiduo_admin/statistical/day_increment/ HTTP/1.1" 404 2481
WARNING 2023-10-07 08:30:59,367 basehttp 187 "GET /meiduo_admin/statistical/day_orders/ HTTP/1.1" 404 2472
WARNING 2023-10-07 08:30:59,370 log 241 Not Found: /meiduo_admin/statistical/goods_day_views/
WARNING 2023-10-07 08:30:59,375 log 241 Not Found: /meiduo_admin/statistical/month_increment/
WARNING 2023-10-07 08:30:59,382 log 241 Not Found: /meiduo_admin/statistical/day_active/
WARNING 2023-10-07 08:30:59,382 basehttp 187 "GET /meiduo_admin/statistical/goods_day_views/ HTTP/1.1" 404 2487
WARNING 2023-10-07 08:30:59,383 basehttp 187 "GET /meiduo_admin/statistical/month_increment/ HTTP/1.1" 404 2487
WARNING 2023-10-07 08:30:59,385 log 241 Not Found: /meiduo_admin/statistical/day_orders/
WARNING 2023-10-07 08:30:59,386 basehttp 187 "GET /meiduo_admin/statistical/day_active/ HTTP/1.1" 404 2472
WARNING 2023-10-07 08:30:59,387 basehttp 187 "GET /meiduo_admin/statistical/day_orders/ HTTP/1.1" 404 2472
INFO 2023-10-07 08:32:10,932 autoreload 677 Watching for file changes with StatReloader
INFO 2023-10-07 08:32:14,065 basehttp 187 "GET /meiduo_admin/statistical/total_count/ HTTP/1.1" 200 11
INFO 2023-10-07 08:32:19,196 basehttp 187 "GET /meiduo_admin/statistical/total_count/ HTTP/1.1" 200 11
WARNING 2023-10-07 08:32:19,204 log 241 Not Found: /meiduo_admin/statistical/month_increment/
WARNING 2023-10-07 08:32:19,204 log 241 Not Found: /meiduo_admin/statistical/day_orders/
WARNING 2023-10-07 08:32:19,205 log 241 Not Found: /meiduo_admin/statistical/goods_day_views/
WARNING 2023-10-07 08:32:19,205 log 241 Not Found: /meiduo_admin/statistical/day_increment/
WARNING 2023-10-07 08:32:19,206 log 241 Not Found: /meiduo_admin/statistical/day_active/
WARNING 2023-10-07 08:32:19,206 basehttp 187 "GET /meiduo_admin/statistical/month_increment/ HTTP/1.1" 404 2487
WARNING 2023-10-07 08:32:19,206 basehttp 187 "GET /meiduo_admin/statistical/day_orders/ HTTP/1.1" 404 2472
WARNING 2023-10-07 08:32:19,206 basehttp 187 "GET /meiduo_admin/statistical/goods_day_views/ HTTP/1.1" 404 2487
WARNING 2023-10-07 08:32:19,206 basehttp 187 "GET /meiduo_admin/statistical/day_increment/ HTTP/1.1" 404 2481
WARNING 2023-10-07 08:32:19,206 basehttp 187 "GET /meiduo_admin/statistical/day_active/ HTTP/1.1" 404 2472
WARNING 2023-10-07 08:32:19,211 log 241 Not Found: /meiduo_admin/statistical/day_active/
WARNING 2023-10-07 08:32:19,211 log 241 Not Found: /meiduo_admin/statistical/day_orders/
WARNING 2023-10-07 08:32:19,212 basehttp 187 "GET /meiduo_admin/statistical/day_active/ HTTP/1.1" 404 2472
WARNING 2023-10-07 08:32:19,212 basehttp 187 "GET /meiduo_admin/statistical/day_orders/ HTTP/1.1" 404 2472
INFO 2023-10-07 08:32:59,636 autoreload 266 /Users/zhuwenlong/Desktop/py-vue-mall/meiduo_py_vue/meiduo/meiduo_admin/home/home_views.py changed, reloading.
INFO 2023-10-07 08:32:59,968 autoreload 677 Watching for file changes with StatReloader
WARNING 2023-10-07 08:33:05,865 log 241 Not Found: /meiduo_admin/statistical/month_increment/
WARNING 2023-10-07 08:33:05,865 log 241 Not Found: /meiduo_admin/statistical/day_increment/
WARNING 2023-10-07 08:33:05,865 log 241 Not Found: /meiduo_admin/statistical/day_active/
WARNING 2023-10-07 08:33:05,866 log 241 Not Found: /meiduo_admin/statistical/day_orders/
WARNING 2023-10-07 08:33:05,866 log 241 Not Found: /meiduo_admin/statistical/goods_day_views/
WARNING 2023-10-07 08:33:05,866 basehttp 187 "GET /meiduo_admin/statistical/day_increment/ HTTP/1.1" 404 2481
WARNING 2023-10-07 08:33:05,866 basehttp 187 "GET /meiduo_admin/statistical/month_increment/ HTTP/1.1" 404 2487
WARNING 2023-10-07 08:33:05,868 basehttp 187 "GET /meiduo_admin/statistical/day_active/ HTTP/1.1" 404 2472
WARNING 2023-10-07 08:33:05,868 basehttp 187 "GET /meiduo_admin/statistical/day_orders/ HTTP/1.1" 404 2472
WARNING 2023-10-07 08:33:05,868 basehttp 187 "GET /meiduo_admin/statistical/goods_day_views/ HTTP/1.1" 404 2487
WARNING 2023-10-07 08:33:05,873 log 241 Not Found: /meiduo_admin/statistical/day_active/
WARNING 2023-10-07 08:33:05,874 log 241 Not Found: /meiduo_admin/statistical/day_orders/
WARNING 2023-10-07 08:33:05,875 basehttp 187 "GET /meiduo_admin/statistical/day_active/ HTTP/1.1" 404 2472
WARNING 2023-10-07 08:33:05,875 basehttp 187 "GET /meiduo_admin/statistical/day_orders/ HTTP/1.1" 404 2472
INFO 2023-10-07 08:33:05,876 basehttp 187 "GET /meiduo_admin/statistical/total_count/ HTTP/1.1" 200 11
INFO 2023-10-07 08:33:32,067 autoreload 266 /Users/zhuwenlong/Desktop/py-vue-mall/meiduo_py_vue/meiduo/meiduo_admin/home/home_views.py changed, reloading.
INFO 2023-10-07 08:33:32,345 autoreload 677 Watching for file changes with StatReloader
WARNING 2023-10-07 08:34:05,161 log 241 Not Found: /meiduo_admin/statistical/day_increment/
WARNING 2023-10-07 08:34:05,162 log 241 Not Found: /meiduo_admin/statistical/day_active/
WARNING 2023-10-07 08:34:05,162 basehttp 187 "GET /meiduo_admin/statistical/day_active/ HTTP/1.1" 404 2472
WARNING 2023-10-07 08:34:05,163 log 241 Not Found: /meiduo_admin/statistical/day_orders/
WARNING 2023-10-07 08:34:05,163 basehttp 187 "GET /meiduo_admin/statistical/day_increment/ HTTP/1.1" 404 2481
WARNING 2023-10-07 08:34:05,163 basehttp 187 "GET /meiduo_admin/statistical/day_orders/ HTTP/1.1" 404 2472
INFO 2023-10-07 08:34:05,176 basehttp 187 "GET /meiduo_admin/statistical/total_count/ HTTP/1.1" 200 11
WARNING 2023-10-07 08:34:08,549 log 241 Not Found: /meiduo_admin/statistical/goods_day_views/
WARNING 2023-10-07 08:34:08,551 log 241 Not Found: /meiduo_admin/statistical/month_increment/
WARNING 2023-10-07 08:34:08,552 log 241 Not Found: /meiduo_admin/statistical/day_active/
WARNING 2023-10-07 08:34:08,553 log 241 Not Found: /meiduo_admin/statistical/day_orders/
WARNING 2023-10-07 08:34:08,553 basehttp 187 "GET /meiduo_admin/statistical/goods_day_views/ HTTP/1.1" 404 2487
WARNING 2023-10-07 08:34:08,554 basehttp 187 "GET /meiduo_admin/statistical/month_increment/ HTTP/1.1" 404 2487
WARNING 2023-10-07 08:34:08,555 basehttp 187 "GET /meiduo_admin/statistical/day_active/ HTTP/1.1" 404 2472
WARNING 2023-10-07 08:34:08,556 basehttp 187 "GET /meiduo_admin/statistical/day_orders/ HTTP/1.1" 404 2472
INFO 2023-10-07 08:34:33,557 autoreload 266 /Users/zhuwenlong/Desktop/py-vue-mall/meiduo_py_vue/meiduo/meiduo_admin/urls.py changed, reloading.
INFO 2023-10-07 08:34:33,877 autoreload 677 Watching for file changes with StatReloader
INFO 2023-10-07 08:34:38,892 basehttp 187 "GET /meiduo_admin/statistical/total_count/ HTTP/1.1" 200 11
INFO 2023-10-07 08:34:38,899 basehttp 187 "GET /meiduo_admin/statistical/day_increment/ HTTP/1.1" 200 11
INFO 2023-10-07 08:34:38,902 basehttp 187 "GET /meiduo_admin/statistical/goods_day_views/ HTTP/1.1" 200 52
INFO 2023-10-07 08:34:38,906 basehttp 187 "GET /meiduo_admin/statistical/day_orders/ HTTP/1.1" 200 11
INFO 2023-10-07 08:34:38,906 basehttp 187 "GET /meiduo_admin/statistical/day_active/ HTTP/1.1" 200 11
INFO 2023-10-07 08:34:38,920 basehttp 187 "GET /meiduo_admin/statistical/day_active/ HTTP/1.1" 200 11
INFO 2023-10-07 08:34:38,921 basehttp 187 "GET /meiduo_admin/statistical/day_orders/ HTTP/1.1" 200 11
INFO 2023-10-07 08:34:38,930 basehttp 187 "GET /meiduo_admin/statistical/month_increment/ HTTP/1.1" 200 961
INFO 2023-10-07 08:39:27,840 basehttp 187 "OPTIONS /meiduo_admin/users/?page=1&pagesize=10&keyword= HTTP/1.1" 200 0
WARNING 2023-10-07 08:39:27,888 log 241 Not Found: /meiduo_admin/users/
WARNING 2023-10-07 08:39:27,888 basehttp 187 "GET /meiduo_admin/users/?page=1&pagesize=10&keyword= HTTP/1.1" 404 3400
INFO 2023-10-07 08:40:05,600 autoreload 266 /Users/zhuwenlong/Desktop/py-vue-mall/meiduo_py_vue/meiduo/meiduo_admin/urls.py changed, reloading.
INFO 2023-10-07 08:40:05,955 autoreload 677 Watching for file changes with StatReloader
INFO 2023-10-07 08:40:23,514 autoreload 266 /Users/zhuwenlong/Desktop/py-vue-mall/meiduo_py_vue/meiduo/meiduo_admin/urls.py changed, reloading.
INFO 2023-10-07 08:40:23,817 autoreload 677 Watching for file changes with StatReloader
INFO 2023-10-07 08:46:50,507 autoreload 266 /Users/zhuwenlong/Desktop/py-vue-mall/meiduo_py_vue/meiduo/meiduo_admin/user/user_views.py changed, reloading.
INFO 2023-10-07 08:46:50,888 autoreload 677 Watching for file changes with StatReloader
INFO 2023-10-07 08:46:53,341 basehttp 187 "OPTIONS /meiduo_admin/users/ HTTP/1.1" 200 0
INFO 2023-10-07 08:46:53,465 basehttp 187 "POST /meiduo_admin/users/ HTTP/1.1" 201 69
INFO 2023-10-07 08:46:53,480 basehttp 187 "GET /meiduo_admin/users/?page=1&pagesize=10&keyword= HTTP/1.1" 200 125
INFO 2023-10-07 08:48:02,555 basehttp 187 "POST /meiduo_admin/users/ HTTP/1.1" 201 73
INFO 2023-10-07 08:48:02,564 basehttp 187 "GET /meiduo_admin/users/?page=1&pagesize=10&keyword= HTTP/1.1" 200 199
INFO 2023-10-07 08:49:56,920 autoreload 266 /Users/zhuwenlong/Desktop/py-vue-mall/meiduo_py_vue/meiduo/meiduo_admin/user/user_views.py changed, reloading.
INFO 2023-10-07 08:49:57,209 autoreload 677 Watching for file changes with StatReloader
INFO 2023-10-07 08:52:33,623 autoreload 266 /Users/zhuwenlong/Desktop/py-vue-mall/meiduo_py_vue/meiduo/meiduo_admin/urls.py changed, reloading.
INFO 2023-10-07 08:52:33,980 autoreload 677 Watching for file changes with StatReloader
INFO 2023-10-07 08:55:35,841 autoreload 266 /Users/zhuwenlong/Desktop/py-vue-mall/meiduo_py_vue/meiduo/meiduo_admin/urls.py changed, reloading.
INFO 2023-10-07 08:55:36,194 autoreload 677 Watching for file changes with StatReloader
INFO 2023-10-07 08:56:02,019 autoreload 266 /Users/zhuwenlong/Desktop/py-vue-mall/meiduo_py_vue/meiduo/meiduo_admin/urls.py changed, reloading.
INFO 2023-10-07 08:56:02,352 autoreload 677 Watching for file changes with StatReloader
INFO 2023-10-07 08:56:16,814 autoreload 266 /Users/zhuwenlong/Desktop/py-vue-mall/meiduo_py_vue/meiduo/meiduo_admin/urls.py changed, reloading.
INFO 2023-10-07 08:56:17,121 autoreload 677 Watching for file changes with StatReloader
INFO 2023-10-07 08:59:24,767 autoreload 677 Watching for file changes with StatReloader
INFO 2023-10-07 08:59:28,176 basehttp 187 "GET /meiduo_admin/goods/simple/ HTTP/1.1" 200 2
INFO 2023-10-07 09:00:37,470 basehttp 187 "OPTIONS /meiduo_admin/goods/simple/ HTTP/1.1" 200 0
INFO 2023-10-07 09:00:37,471 basehttp 187 "OPTIONS /meiduo_admin/goods/simple/ HTTP/1.1" 200 0
INFO 2023-10-07 09:00:37,471 basehttp 187 "OPTIONS /meiduo_admin/goods/specs/?page=1&pagesize=10 HTTP/1.1" 200 0
INFO 2023-10-07 09:00:37,496 basehttp 187 "GET /meiduo_admin/goods/simple/ HTTP/1.1" 200 2
INFO 2023-10-07 09:00:37,504 basehttp 187 "GET /meiduo_admin/goods/simple/ HTTP/1.1" 200 2
WARNING 2023-10-07 09:00:37,506 log 241 Not Found: /meiduo_admin/goods/specs/
WARNING 2023-10-07 09:00:37,507 basehttp 187 "GET /meiduo_admin/goods/specs/?page=1&pagesize=10 HTTP/1.1" 404 3932
INFO 2023-10-07 09:01:10,291 basehttp 187 "OPTIONS /meiduo_admin/goods/specs/?page=2&pagesize=10 HTTP/1.1" 200 0
WARNING 2023-10-07 09:01:10,300 log 241 Not Found: /meiduo_admin/goods/specs/
WARNING 2023-10-07 09:01:10,300 basehttp 187 "GET /meiduo_admin/goods/specs/?page=2&pagesize=10 HTTP/1.1" 404 3932
INFO 2023-10-07 09:01:33,895 autoreload 266 /Users/zhuwenlong/Desktop/py-vue-mall/meiduo_py_vue/meiduo/meiduo_admin/urls.py changed, reloading.
INFO 2023-10-07 09:01:34,281 autoreload 677 Watching for file changes with StatReloader
INFO 2023-10-07 09:02:12,772 autoreload 266 /Users/zhuwenlong/Desktop/py-vue-mall/meiduo_py_vue/meiduo/meiduo_admin/urls.py changed, reloading.
INFO 2023-10-07 09:02:13,130 autoreload 677 Watching for file changes with StatReloader
INFO 2023-10-07 09:02:32,712 autoreload 266 /Users/zhuwenlong/Desktop/py-vue-mall/meiduo_py_vue/meiduo/meiduo_admin/urls.py changed, reloading.
INFO 2023-10-07 09:02:33,023 autoreload 677 Watching for file changes with StatReloader
INFO 2023-10-07 09:02:40,981 basehttp 187 "GET /meiduo_admin/goods/simple/ HTTP/1.1" 200 2
INFO 2023-10-07 09:02:40,985 basehttp 187 "GET /meiduo_admin/goods/specs/?page=1&pagesize=10 HTTP/1.1" 200 56
INFO 2023-10-07 09:02:40,986 basehttp 187 "GET /meiduo_admin/goods/simple/ HTTP/1.1" 200 2
INFO 2023-10-07 09:17:38,057 basehttp 187 "GET /meiduo_admin/users/?page=1&pagesize=10&keyword= HTTP/1.1" 200 259
INFO 2023-10-07 09:17:39,875 basehttp 187 "GET /meiduo_admin/statistical/total_count/ HTTP/1.1" 200 11
INFO 2023-10-07 09:17:39,882 basehttp 187 "GET /meiduo_admin/statistical/day_orders/ HTTP/1.1" 200 11
INFO 2023-10-07 09:17:39,882 basehttp 187 "GET /meiduo_admin/statistical/day_increment/ HTTP/1.1" 200 11
INFO 2023-10-07 09:17:39,882 basehttp 187 "GET /meiduo_admin/statistical/day_active/ HTTP/1.1" 200 11
INFO 2023-10-07 09:17:39,888 basehttp 187 "GET /meiduo_admin/statistical/goods_day_views/ HTTP/1.1" 200 52
INFO 2023-10-07 09:17:39,893 basehttp 187 "GET /meiduo_admin/statistical/day_active/ HTTP/1.1" 200 11
INFO 2023-10-07 09:17:39,894 basehttp 187 "GET /meiduo_admin/statistical/day_orders/ HTTP/1.1" 200 11
INFO 2023-10-07 09:17:39,905 basehttp 187 "GET /meiduo_admin/statistical/month_increment/ HTTP/1.1" 200 961
INFO 2023-10-07 09:17:44,045 basehttp 187 "OPTIONS /meiduo_admin/skus/categories/ HTTP/1.1" 200 0
INFO 2023-10-07 09:17:44,048 basehttp 187 "OPTIONS /meiduo_admin/skus/categories/ HTTP/1.1" 200 0
INFO 2023-10-07 09:17:44,049 basehttp 187 "OPTIONS /meiduo_admin/skus/?page=1&pagesize=10&keyword= HTTP/1.1" 200 0
INFO 2023-10-07 09:17:44,080 basehttp 187 "GET /meiduo_admin/goods/simple/ HTTP/1.1" 200 2
WARNING 2023-10-07 09:17:44,081 log 241 Not Found: /meiduo_admin/skus/
WARNING 2023-10-07 09:17:44,083 log 241 Not Found: /meiduo_admin/skus/categories/
WARNING 2023-10-07 09:17:44,083 basehttp 187 "GET /meiduo_admin/skus/?page=1&pagesize=10&keyword= HTTP/1.1" 404 5197
WARNING 2023-10-07 09:17:44,083 basehttp 187 "GET /meiduo_admin/skus/categories/ HTTP/1.1" 404 5194
WARNING 2023-10-07 09:17:44,087 log 241 Not Found: /meiduo_admin/skus/categories/
WARNING 2023-10-07 09:17:44,088 basehttp 187 "GET /meiduo_admin/skus/categories/ HTTP/1.1" 404 5194
INFO 2023-10-07 09:17:44,089 basehttp 187 "GET /meiduo_admin/goods/simple/ HTTP/1.1" 200 2
INFO 2023-10-07 09:17:44,821 basehttp 187 "OPTIONS /meiduo_admin/goods/?page=1&pagesize=10 HTTP/1.1" 200 0
WARNING 2023-10-07 09:17:44,830 log 241 Not Found: /meiduo_admin/goods/
WARNING 2023-10-07 09:17:44,830 basehttp 187 "GET /meiduo_admin/goods/?page=1&pagesize=10 HTTP/1.1" 404 5187
INFO 2023-10-07 09:17:46,414 basehttp 187 "GET /meiduo_admin/goods/simple/ HTTP/1.1" 200 2
INFO 2023-10-07 09:17:46,430 basehttp 187 "GET /meiduo_admin/goods/simple/ HTTP/1.1" 200 2
INFO 2023-10-07 09:17:46,432 basehttp 187 "GET /meiduo_admin/goods/specs/?page=1&pagesize=10 HTTP/1.1" 200 730
INFO 2023-10-07 09:17:58,013 basehttp 187 "OPTIONS /meiduo_admin/goods/specs/4/ HTTP/1.1" 200 0
INFO 2023-10-07 09:17:58,021 basehttp 187 "GET /meiduo_admin/goods/specs/4/ HTTP/1.1" 200 134
INFO 2023-10-07 09:30:13,434 basehttp 187 "GET /meiduo_admin/goods/simple/ HTTP/1.1" 200 126
INFO 2023-10-07 09:30:13,444 basehttp 187 "GET /meiduo_admin/goods/simple/ HTTP/1.1" 200 126
INFO 2023-10-07 09:30:13,451 basehttp 187 "GET /meiduo_admin/goods/specs/?page=1&pagesize=10 HTTP/1.1" 200 1307
INFO 2023-10-07 09:30:23,926 basehttp 187 "OPTIONS /meiduo_admin/goods/specs/2/ HTTP/1.1" 200 0
INFO 2023-10-07 09:30:23,949 basehttp 187 "GET /meiduo_admin/goods/specs/2/ HTTP/1.1" 200 159
INFO 2023-10-07 09:30:26,579 basehttp 187 "OPTIONS /meiduo_admin/goods/specs/1/ HTTP/1.1" 200 0
INFO 2023-10-07 09:30:26,598 basehttp 187 "GET /meiduo_admin/goods/specs/1/ HTTP/1.1" 200 165
INFO 2023-10-07 09:30:29,149 basehttp 187 "OPTIONS /meiduo_admin/goods/specs/6/ HTTP/1.1" 200 0
INFO 2023-10-07 09:30:29,168 basehttp 187 "GET /meiduo_admin/goods/specs/6/ HTTP/1.1" 200 154
INFO 2023-10-07 09:30:33,742 basehttp 187 "GET /meiduo_admin/goods/specs/4/ HTTP/1.1" 200 151
INFO 2023-10-07 09:30:48,030 basehttp 187 "OPTIONS /meiduo_admin/goods/specs/ HTTP/1.1" 200 0
INFO 2023-10-07 09:30:48,051 basehttp 187 "POST /meiduo_admin/goods/specs/ HTTP/1.1" 201 159
INFO 2023-10-07 09:30:48,088 basehttp 187 "GET /meiduo_admin/goods/specs/?page=1&pagesize=10 HTTP/1.1" 200 1467
WARNING 2023-10-07 09:30:58,369 log 241 Not Found: /meiduo_admin/goods/
WARNING 2023-10-07 09:30:58,370 basehttp 187 "GET /meiduo_admin/goods/?page=1&pagesize=10 HTTP/1.1" 404 5187
INFO 2023-10-07 09:31:03,013 basehttp 187 "OPTIONS /meiduo_admin/skus/simple/ HTTP/1.1" 200 0
INFO 2023-10-07 09:31:03,013 basehttp 187 "OPTIONS /meiduo_admin/skus/simple/ HTTP/1.1" 200 0
INFO 2023-10-07 09:31:03,013 basehttp 187 "OPTIONS /meiduo_admin/skus/images/?page=1&pagesize=10 HTTP/1.1" 200 0
WARNING 2023-10-07 09:31:03,029 log 241 Not Found: /meiduo_admin/skus/simple/
WARNING 2023-10-07 09:31:03,030 log 241 Not Found: /meiduo_admin/skus/images/
WARNING 2023-10-07 09:31:03,031 basehttp 187 "GET /meiduo_admin/skus/simple/ HTTP/1.1" 404 5182
WARNING 2023-10-07 09:31:03,031 basehttp 187 "GET /meiduo_admin/skus/images/?page=1&pagesize=10 HTTP/1.1" 404 5205
WARNING 2023-10-07 09:31:03,043 log 241 Not Found: /meiduo_admin/skus/simple/
WARNING 2023-10-07 09:31:03,043 basehttp 187 "GET /meiduo_admin/skus/simple/ HTTP/1.1" 404 5182
INFO 2023-10-07 09:32:40,673 autoreload 266 /Users/zhuwenlong/Desktop/py-vue-mall/meiduo_py_vue/meiduo/meiduo_admin/urls.py changed, reloading.
INFO 2023-10-07 09:32:41,041 autoreload 677 Watching for file changes with StatReloader
INFO 2023-10-07 09:33:00,732 autoreload 266 /Users/zhuwenlong/Desktop/py-vue-mall/meiduo_py_vue/meiduo/meiduo_admin/urls.py changed, reloading.
INFO 2023-10-07 09:33:01,043 autoreload 677 Watching for file changes with StatReloader
INFO 2023-10-07 09:33:27,843 autoreload 266 /Users/zhuwenlong/Desktop/py-vue-mall/meiduo_py_vue/meiduo/meiduo_admin/urls.py changed, reloading.
INFO 2023-10-07 09:33:28,178 autoreload 677 Watching for file changes with StatReloader
INFO 2023-10-07 09:34:36,047 autoreload 266 /Users/zhuwenlong/Desktop/py-vue-mall/meiduo_py_vue/meiduo/meiduo_admin/urls.py changed, reloading.
INFO 2023-10-07 09:34:36,332 autoreload 677 Watching for file changes with StatReloader
INFO 2023-10-07 09:48:24,535 autoreload 266 /Users/zhuwenlong/Desktop/py-vue-mall/meiduo_py_vue/meiduo/meiduo_admin/urls.py changed, reloading.
INFO 2023-10-07 09:48:24,898 autoreload 677 Watching for file changes with StatReloader
INFO 2023-10-07 09:49:48,647 autoreload 266 /Users/zhuwenlong/Desktop/py-vue-mall/meiduo_py_vue/meiduo/meiduo_admin/urls.py changed, reloading.
INFO 2023-10-07 09:49:48,939 autoreload 677 Watching for file changes with StatReloader
INFO 2023-10-07 09:55:14,771 autoreload 677 Watching for file changes with StatReloader
INFO 2023-10-07 09:55:20,711 basehttp 187 "GET /meiduo_admin/goods/simple/ HTTP/1.1" 200 126
INFO 2023-10-07 09:55:20,725 basehttp 187 "GET /meiduo_admin/goods/simple/ HTTP/1.1" 200 126
INFO 2023-10-07 09:55:20,742 basehttp 187 "GET /meiduo_admin/skus/categories/ HTTP/1.1" 200 56271
INFO 2023-10-07 09:55:20,750 basehttp 187 "GET /meiduo_admin/skus/?page=1&pagesize=10&keyword= HTTP/1.1" 200 6244
INFO 2023-10-07 09:55:20,768 basehttp 187 "GET /meiduo_admin/skus/categories/ HTTP/1.1" 200 56271
INFO 2023-10-07 09:55:30,332 basehttp 187 "OPTIONS /meiduo_admin/goods/1/specs/ HTTP/1.1" 200 0
INFO 2023-10-07 09:55:30,358 basehttp 187 "GET /meiduo_admin/goods/1/specs/ HTTP/1.1" 200 1475
WARNING 2023-10-07 09:55:51,507 log 241 Not Found: /meiduo_admin/goods/
WARNING 2023-10-07 09:55:51,507 basehttp 187 "GET /meiduo_admin/goods/?page=1&pagesize=10 HTTP/1.1" 404 7634
INFO 2023-10-07 09:55:54,180 basehttp 187 "GET /meiduo_admin/goods/simple/ HTTP/1.1" 200 126
INFO 2023-10-07 09:55:54,205 basehttp 187 "GET /meiduo_admin/goods/simple/ HTTP/1.1" 200 126
INFO 2023-10-07 09:55:54,206 basehttp 187 "GET /meiduo_admin/goods/specs/?page=1&pagesize=10 HTTP/1.1" 200 1467
INFO 2023-10-07 09:55:54,916 basehttp 187 "OPTIONS /meiduo_admin/specs/options/?page=1&pagesize=10 HTTP/1.1" 200 0
WARNING 2023-10-07 09:55:54,925 log 241 Not Found: /meiduo_admin/specs/options/
WARNING 2023-10-07 09:55:54,925 basehttp 187 "GET /meiduo_admin/specs/options/?page=1&pagesize=10 HTTP/1.1" 404 7658
INFO 2023-10-07 09:55:55,423 basehttp 187 "OPTIONS /meiduo_admin/goods/specs/simple/ HTTP/1.1" 200 0
INFO 2023-10-07 09:55:55,441 basehttp 187 "GET /meiduo_admin/goods/specs/simple/ HTTP/1.1" 200 368
INFO 2023-10-07 09:56:31,504 basehttp 187 "GET /meiduo_admin/goods/simple/ HTTP/1.1" 200 126
INFO 2023-10-07 09:56:31,521 basehttp 187 "GET /meiduo_admin/goods/simple/ HTTP/1.1" 200 126
INFO 2023-10-07 09:56:31,537 basehttp 187 "GET /meiduo_admin/skus/categories/ HTTP/1.1" 200 56271
INFO 2023-10-07 09:56:31,537 basehttp 187 "GET /meiduo_admin/skus/?page=1&pagesize=10&keyword= HTTP/1.1" 200 6244
INFO 2023-10-07 09:56:31,559 basehttp 187 "GET /meiduo_admin/skus/categories/ HTTP/1.1" 200 56271
INFO 2023-10-07 09:56:34,341 basehttp 187 "GET /meiduo_admin/goods/1/specs/ HTTP/1.1" 200 1475
INFO 2023-10-07 09:56:34,347 basehttp 187 "OPTIONS /meiduo_admin/skus/1/ HTTP/1.1" 200 0
INFO 2023-10-07 09:56:34,354 basehttp 187 "GET /meiduo_admin/skus/1/ HTTP/1.1" 200 672
INFO 2023-10-07 09:56:34,414 basehttp 187 "GET /meiduo_admin/goods/1/specs/ HTTP/1.1" 200 1475
INFO 2023-10-07 09:57:50,694 autoreload 266 /Users/zhuwenlong/Desktop/py-vue-mall/meiduo_py_vue/meiduo/meiduo_admin/urls.py changed, reloading.
INFO 2023-10-07 09:57:51,040 autoreload 677 Watching for file changes with StatReloader
WARNING 2023-10-07 09:58:32,408 log 241 Not Found: /meiduo_admin/specs/options/
WARNING 2023-10-07 09:58:32,408 basehttp 187 "GET /meiduo_admin/specs/options/?page=1&pagesize=10 HTTP/1.1" 404 7658
INFO 2023-10-07 09:58:32,895 basehttp 187 "GET /meiduo_admin/goods/specs/simple/ HTTP/1.1" 200 368
INFO 2023-10-07 09:59:19,291 autoreload 266 /Users/zhuwenlong/Desktop/py-vue-mall/meiduo_py_vue/meiduo/meiduo_admin/urls.py changed, reloading.
INFO 2023-10-07 09:59:19,582 autoreload 677 Watching for file changes with StatReloader
INFO 2023-10-07 09:59:52,588 basehttp 187 "OPTIONS /meiduo_admin/orders/?page=1&pagesize=10&keyword= HTTP/1.1" 200 0
WARNING 2023-10-07 09:59:52,618 log 241 Not Found: /meiduo_admin/orders/
WARNING 2023-10-07 09:59:52,619 basehttp 187 "GET /meiduo_admin/orders/?page=1&pagesize=10&keyword= HTTP/1.1" 404 7650
INFO 2023-10-07 10:00:19,807 basehttp 187 "GET /meiduo_admin/goods/simple/ HTTP/1.1" 200 126
INFO 2023-10-07 10:00:19,817 basehttp 187 "GET /meiduo_admin/goods/simple/ HTTP/1.1" 200 126
INFO 2023-10-07 10:00:19,838 basehttp 187 "GET /meiduo_admin/skus/categories/ HTTP/1.1" 200 56271
INFO 2023-10-07 10:00:19,851 basehttp 187 "GET /meiduo_admin/skus/?page=1&pagesize=10&keyword= HTTP/1.1" 200 6244
INFO 2023-10-07 10:00:19,865 basehttp 187 "GET /meiduo_admin/skus/categories/ HTTP/1.1" 200 56271
WARNING 2023-10-07 10:00:20,849 log 241 Not Found: /meiduo_admin/goods/
WARNING 2023-10-07 10:00:20,850 basehttp 187 "GET /meiduo_admin/goods/?page=1&pagesize=10 HTTP/1.1" 404 7634
INFO 2023-10-07 10:01:00,386 autoreload 266 /Users/zhuwenlong/Desktop/py-vue-mall/meiduo_py_vue/meiduo/meiduo_admin/urls.py changed, reloading.
INFO 2023-10-07 10:01:00,728 autoreload 677 Watching for file changes with StatReloader
INFO 2023-10-07 10:01:12,192 basehttp 187 "GET /meiduo_admin/goods/?page=1&pagesize=10 HTTP/1.1" 200 10893
INFO 2023-10-07 10:01:16,587 basehttp 187 "OPTIONS /meiduo_admin/goods/brands/simple/ HTTP/1.1" 200 0
INFO 2023-10-07 10:01:16,587 basehttp 187 "OPTIONS /meiduo_admin/goods/channel/categories/ HTTP/1.1" 200 0
INFO 2023-10-07 10:01:16,601 basehttp 187 "GET /meiduo_admin/goods/brands/simple/ HTTP/1.1" 200 400
INFO 2023-10-07 10:01:16,610 basehttp 187 "GET /meiduo_admin/goods/channel/categories/ HTTP/1.1" 200 4749
INFO 2023-10-07 10:01:30,883 basehttp 187 "OPTIONS /meiduo_admin/goods/channel/categories/1/ HTTP/1.1" 200 0
INFO 2023-10-07 10:01:30,894 basehttp 187 "GET /meiduo_admin/goods/channel/categories/1/ HTTP/1.1" 200 263
INFO 2023-10-07 10:01:32,337 basehttp 187 "OPTIONS /meiduo_admin/goods/channel/categories/38/ HTTP/1.1" 200 0
INFO 2023-10-07 10:01:32,351 basehttp 187 "GET /meiduo_admin/goods/channel/categories/38/ HTTP/1.1" 200 521
INFO 2023-10-07 10:02:18,611 basehttp 187 "OPTIONS /meiduo_admin/goods/ HTTP/1.1" 200 0
INFO 2023-10-07 10:02:18,631 basehttp 187 "POST /meiduo_admin/goods/ HTTP/1.1" 201 340
INFO 2023-10-07 10:02:20,677 basehttp 187 "GET /meiduo_admin/goods/?page=1&pagesize=10 HTTP/1.1" 200 11234
INFO 2023-10-07 10:03:19,750 basehttp 187 "OPTIONS /meiduo_admin/goods/channel_types/ HTTP/1.1" 200 0
INFO 2023-10-07 10:03:19,756 basehttp 187 "OPTIONS /meiduo_admin/goods/channel_types/ HTTP/1.1" 200 0
INFO 2023-10-07 10:03:19,756 basehttp 187 "OPTIONS /meiduo_admin/goods/categories/ HTTP/1.1" 200 0
INFO 2023-10-07 10:03:19,763 basehttp 187 "OPTIONS /meiduo_admin/goods/categories/ HTTP/1.1" 200 0
INFO 2023-10-07 10:03:19,765 basehttp 187 "OPTIONS /meiduo_admin/goods/channels/?page=1&pagesize=10 HTTP/1.1" 200 0
WARNING 2023-10-07 10:03:19,770 log 241 Not Found: /meiduo_admin/goods/channel_types/
WARNING 2023-10-07 10:03:19,771 basehttp 187 "GET /meiduo_admin/goods/channel_types/ HTTP/1.1" 404 23
WARNING 2023-10-07 10:03:19,775 log 241 Not Found: /meiduo_admin/goods/categories/
WARNING 2023-10-07 10:03:19,776 basehttp 187 "GET /meiduo_admin/goods/categories/ HTTP/1.1" 404 23
WARNING 2023-10-07 10:03:19,777 log 241 Not Found: /meiduo_admin/goods/channel_types/
WARNING 2023-10-07 10:03:19,777 log 241 Not Found: /meiduo_admin/goods/channels/
WARNING 2023-10-07 10:03:19,778 basehttp 187 "GET /meiduo_admin/goods/channel_types/ HTTP/1.1" 404 23
WARNING 2023-10-07 10:03:19,778 basehttp 187 "GET /meiduo_admin/goods/channels/?page=1&pagesize=10 HTTP/1.1" 404 23
WARNING 2023-10-07 10:03:19,780 log 241 Not Found: /meiduo_admin/goods/categories/
WARNING 2023-10-07 10:03:19,780 basehttp 187 "GET /meiduo_admin/goods/categories/ HTTP/1.1" 404 23
INFO 2023-10-07 10:03:28,168 basehttp 187 "OPTIONS /meiduo_admin/goods/brands/?page=1&pagesize=10 HTTP/1.1" 200 0
WARNING 2023-10-07 10:03:28,177 log 241 Not Found: /meiduo_admin/goods/channel_types/
WARNING 2023-10-07 10:03:28,178 log 241 Not Found: /meiduo_admin/goods/categories/
WARNING 2023-10-07 10:03:28,180 log 241 Not Found: /meiduo_admin/goods/brands/
WARNING 2023-10-07 10:03:28,180 basehttp 187 "GET /meiduo_admin/goods/channel_types/ HTTP/1.1" 404 23
WARNING 2023-10-07 10:03:28,181 basehttp 187 "GET /meiduo_admin/goods/categories/ HTTP/1.1" 404 23
WARNING 2023-10-07 10:03:28,182 basehttp 187 "GET /meiduo_admin/goods/brands/?page=1&pagesize=10 HTTP/1.1" 404 23
WARNING 2023-10-07 10:03:34,076 log 241 Not Found: /meiduo_admin/skus/simple/
WARNING 2023-10-07 10:03:34,076 basehttp 187 "GET /meiduo_admin/skus/simple/ HTTP/1.1" 404 23
WARNING 2023-10-07 10:03:34,078 log 241 Not Found: /meiduo_admin/skus/images/
WARNING 2023-10-07 10:03:34,080 basehttp 187 "GET /meiduo_admin/skus/images/?page=1&pagesize=10 HTTP/1.1" 404 23
WARNING 2023-10-07 10:03:34,083 log 241 Not Found: /meiduo_admin/skus/simple/
WARNING 2023-10-07 10:03:34,083 basehttp 187 "GET /meiduo_admin/skus/simple/ HTTP/1.1" 404 23
INFO 2023-10-07 10:03:37,360 basehttp 187 "GET /meiduo_admin/goods/simple/ HTTP/1.1" 200 154
INFO 2023-10-07 10:03:37,380 basehttp 187 "GET /meiduo_admin/goods/simple/ HTTP/1.1" 200 154
INFO 2023-10-07 10:03:37,385 basehttp 187 "GET /meiduo_admin/goods/specs/?page=1&pagesize=10 HTTP/1.1" 200 1467
INFO 2023-10-07 10:03:38,115 basehttp 187 "GET /meiduo_admin/goods/?page=1&pagesize=10 HTTP/1.1" 200 11234
INFO 2023-10-07 10:03:39,257 basehttp 187 "GET /meiduo_admin/goods/simple/ HTTP/1.1" 200 154
INFO 2023-10-07 10:03:39,281 basehttp 187 "GET /meiduo_admin/goods/simple/ HTTP/1.1" 200 154
INFO 2023-10-07 10:03:39,292 basehttp 187 "GET /meiduo_admin/skus/?page=1&pagesize=10&keyword= HTTP/1.1" 200 6244
INFO 2023-10-07 10:03:39,299 basehttp 187 "GET /meiduo_admin/skus/categories/ HTTP/1.1" 200 56271
INFO 2023-10-07 10:03:39,321 basehttp 187 "GET /meiduo_admin/skus/categories/ HTTP/1.1" 200 56271
WARNING 2023-10-07 10:03:40,935 log 241 Not Found: /meiduo_admin/specs/options/
WARNING 2023-10-07 10:03:40,936 basehttp 187 "GET /meiduo_admin/specs/options/?page=1&pagesize=10 HTTP/1.1" 404 8903
INFO 2023-10-07 10:03:41,430 basehttp 187 "GET /meiduo_admin/goods/specs/simple/ HTTP/1.1" 200 368
WARNING 2023-10-07 10:03:45,548 log 241 Not Found: /meiduo_admin/goods/channels/
WARNING 2023-10-07 10:03:45,550 log 241 Not Found: /meiduo_admin/goods/channel_types/
WARNING 2023-10-07 10:03:45,551 basehttp 187 "GET /meiduo_admin/goods/channels/?page=1&pagesize=10 HTTP/1.1" 404 23
WARNING 2023-10-07 10:03:45,552 log 241 Not Found: /meiduo_admin/goods/categories/
WARNING 2023-10-07 10:03:45,552 basehttp 187 "GET /meiduo_admin/goods/channel_types/ HTTP/1.1" 404 23
WARNING 2023-10-07 10:03:45,557 basehttp 187 "GET /meiduo_admin/goods/categories/ HTTP/1.1" 404 23
WARNING 2023-10-07 10:03:45,561 log 241 Not Found: /meiduo_admin/goods/channel_types/
WARNING 2023-10-07 10:03:45,562 basehttp 187 "GET /meiduo_admin/goods/channel_types/ HTTP/1.1" 404 23
WARNING 2023-10-07 10:03:45,565 log 241 Not Found: /meiduo_admin/goods/categories/
WARNING 2023-10-07 10:03:45,565 basehttp 187 "GET /meiduo_admin/goods/categories/ HTTP/1.1" 404 23
WARNING 2023-10-07 10:03:46,992 log 241 Not Found: /meiduo_admin/goods/categories/
WARNING 2023-10-07 10:03:46,995 log 241 Not Found: /meiduo_admin/goods/channel_types/
WARNING 2023-10-07 10:03:46,995 basehttp 187 "GET /meiduo_admin/goods/categories/ HTTP/1.1" 404 23
WARNING 2023-10-07 10:03:47,011 basehttp 187 "GET /meiduo_admin/goods/channel_types/ HTTP/1.1" 404 23
WARNING 2023-10-07 10:03:46,997 log 241 Not Found: /meiduo_admin/goods/brands/
WARNING 2023-10-07 10:03:47,029 basehttp 187 "GET /meiduo_admin/goods/brands/?page=1&pagesize=10 HTTP/1.1" 404 23
WARNING 2023-10-07 10:03:49,256 log 241 Not Found: /meiduo_admin/orders/
WARNING 2023-10-07 10:03:49,257 basehttp 187 "GET /meiduo_admin/orders/?page=1&pagesize=10&keyword= HTTP/1.1" 404 8895
INFO 2023-10-07 10:04:51,390 autoreload 266 /Users/zhuwenlong/Desktop/py-vue-mall/meiduo_py_vue/meiduo/meiduo_admin/urls.py changed, reloading.
INFO 2023-10-07 10:04:51,730 autoreload 677 Watching for file changes with StatReloader
INFO 2023-10-07 10:04:53,903 basehttp 187 "GET /meiduo_admin/specs/options/?page=1&pagesize=10 HTTP/1.1" 200 1832
INFO 2023-10-07 10:04:54,376 basehttp 187 "GET /meiduo_admin/goods/specs/simple/ HTTP/1.1" 200 368
INFO 2023-10-07 10:05:32,099 autoreload 266 /Users/zhuwenlong/Desktop/py-vue-mall/meiduo_py_vue/meiduo/meiduo_admin/urls.py changed, reloading.
INFO 2023-10-07 10:05:32,416 autoreload 677 Watching for file changes with StatReloader
INFO 2023-10-07 10:05:34,016 basehttp 187 "OPTIONS /meiduo_admin/specs/options/?page=2&pagesize=10 HTTP/1.1" 200 0
INFO 2023-10-07 10:05:34,062 basehttp 187 "GET /meiduo_admin/specs/options/?page=2&pagesize=10 HTTP/1.1" 200 1392
INFO 2023-10-07 10:05:35,758 basehttp 187 "GET /meiduo_admin/specs/options/?page=1&pagesize=10 HTTP/1.1" 200 1832
INFO 2023-10-07 10:05:54,037 basehttp 187 "GET /meiduo_admin/specs/options/?page=2&pagesize=10 HTTP/1.1" 200 1392
WARNING 2023-10-07 10:06:05,968 log 241 Not Found: /meiduo_admin/goods/channel_types/
WARNING 2023-10-07 10:06:05,971 log 241 Not Found: /meiduo_admin/goods/categories/
WARNING 2023-10-07 10:06:05,971 basehttp 187 "GET /meiduo_admin/goods/channel_types/ HTTP/1.1" 404 23
WARNING 2023-10-07 10:06:05,972 log 241 Not Found: /meiduo_admin/goods/channels/
WARNING 2023-10-07 10:06:05,973 basehttp 187 "GET /meiduo_admin/goods/categories/ HTTP/1.1" 404 23
WARNING 2023-10-07 10:06:05,978 basehttp 187 "GET /meiduo_admin/goods/channels/?page=1&pagesize=10 HTTP/1.1" 404 23
WARNING 2023-10-07 10:06:05,981 log 241 Not Found: /meiduo_admin/goods/categories/
WARNING 2023-10-07 10:06:05,983 log 241 Not Found: /meiduo_admin/goods/channel_types/
WARNING 2023-10-07 10:06:05,983 basehttp 187 "GET /meiduo_admin/goods/categories/ HTTP/1.1" 404 23
WARNING 2023-10-07 10:06:05,984 basehttp 187 "GET /meiduo_admin/goods/channel_types/ HTTP/1.1" 404 23
WARNING 2023-10-07 10:06:12,666 log 241 Not Found: /meiduo_admin/goods/brands/
WARNING 2023-10-07 10:06:12,668 log 241 Not Found: /meiduo_admin/goods/categories/
WARNING 2023-10-07 10:06:12,669 basehttp 187 "GET /meiduo_admin/goods/categories/ HTTP/1.1" 404 23
WARNING 2023-10-07 10:06:12,670 basehttp 187 "GET /meiduo_admin/goods/brands/?page=1&pagesize=10 HTTP/1.1" 404 23
WARNING 2023-10-07 10:06:12,672 log 241 Not Found: /meiduo_admin/goods/channel_types/
WARNING 2023-10-07 10:06:12,673 basehttp 187 "GET /meiduo_admin/goods/channel_types/ HTTP/1.1" 404 23
INFO 2023-10-07 10:06:39,212 basehttp 187 "OPTIONS /meiduo_admin/permission/content_types/ HTTP/1.1" 200 0
INFO 2023-10-07 10:06:39,212 basehttp 187 "OPTIONS /meiduo_admin/permission/perms/?page=1&pagesize=10 HTTP/1.1" 200 0
INFO 2023-10-07 10:06:39,212 basehttp 187 "OPTIONS /meiduo_admin/permission/content_types/ HTTP/1.1" 200 0
WARNING 2023-10-07 10:06:39,234 log 241 Not Found: /meiduo_admin/permission/content_types/
WARNING 2023-10-07 10:06:39,235 log 241 Not Found: /meiduo_admin/permission/perms/
WARNING 2023-10-07 10:06:39,235 basehttp 187 "GET /meiduo_admin/permission/content_types/ HTTP/1.1" 404 10202
WARNING 2023-10-07 10:06:39,235 basehttp 187 "GET /meiduo_admin/permission/perms/?page=1&pagesize=10 HTTP/1.1" 404 10201
WARNING 2023-10-07 10:06:39,239 log 241 Not Found: /meiduo_admin/permission/content_types/
WARNING 2023-10-07 10:06:39,239 basehttp 187 "GET /meiduo_admin/permission/content_types/ HTTP/1.1" 404 10202
INFO 2023-10-07 10:06:40,035 basehttp 187 "OPTIONS /meiduo_admin/permission/simple/ HTTP/1.1" 200 0
INFO 2023-10-07 10:06:40,036 basehttp 187 "OPTIONS /meiduo_admin/permission/groups/?page=1&pagesize=10 HTTP/1.1" 200 0
INFO 2023-10-07 10:06:40,036 basehttp 187 "OPTIONS /meiduo_admin/permission/simple/ HTTP/1.1" 200 0
WARNING 2023-10-07 10:06:40,048 log 241 Not Found: /meiduo_admin/permission/groups/
WARNING 2023-10-07 10:06:40,056 log 241 Not Found: /meiduo_admin/permission/simple/
WARNING 2023-10-07 10:06:40,057 basehttp 187 "GET /meiduo_admin/permission/groups/?page=1&pagesize=10 HTTP/1.1" 404 10204
WARNING 2023-10-07 10:06:40,057 basehttp 187 "GET /meiduo_admin/permission/simple/ HTTP/1.1" 404 10181
WARNING 2023-10-07 10:06:40,062 log 241 Not Found: /meiduo_admin/permission/simple/
WARNING 2023-10-07 10:06:40,062 basehttp 187 "GET /meiduo_admin/permission/simple/ HTTP/1.1" 404 10181
INFO 2023-10-07 10:06:40,624 basehttp 187 "OPTIONS /meiduo_admin/permission/admins/?page=1&pagesize=10 HTTP/1.1" 200 0
INFO 2023-10-07 10:06:40,624 basehttp 187 "OPTIONS /meiduo_admin/permission/groups/simple/ HTTP/1.1" 200 0
INFO 2023-10-07 10:06:40,628 basehttp 187 "OPTIONS /meiduo_admin/permission/groups/simple/ HTTP/1.1" 200 0
WARNING 2023-10-07 10:06:40,640 log 241 Not Found: /meiduo_admin/permission/simple/
WARNING 2023-10-07 10:06:40,649 log 241 Not Found: /meiduo_admin/permission/admins/
WARNING 2023-10-07 10:06:40,650 basehttp 187 "GET /meiduo_admin/permission/simple/ HTTP/1.1" 404 10181
WARNING 2023-10-07 10:06:40,652 log 241 Not Found: /meiduo_admin/permission/groups/simple/
WARNING 2023-10-07 10:06:40,655 basehttp 187 "GET /meiduo_admin/permission/admins/?page=1&pagesize=10 HTTP/1.1" 404 10204
WARNING 2023-10-07 10:06:40,656 basehttp 187 "GET /meiduo_admin/permission/groups/simple/ HTTP/1.1" 404 10202
WARNING 2023-10-07 10:06:40,657 log 241 Not Found: /meiduo_admin/permission/simple/
WARNING 2023-10-07 10:06:40,661 basehttp 187 "GET /meiduo_admin/permission/simple/ HTTP/1.1" 404 10181
WARNING 2023-10-07 10:06:40,663 log 241 Not Found: /meiduo_admin/permission/groups/simple/
WARNING 2023-10-07 10:06:40,663 basehttp 187 "GET /meiduo_admin/permission/groups/simple/ HTTP/1.1" 404 10202
INFO 2023-10-07 10:07:13,598 autoreload 266 /Users/zhuwenlong/Desktop/py-vue-mall/meiduo_py_vue/meiduo/meiduo_admin/urls.py changed, reloading.
INFO 2023-10-07 10:07:13,955 autoreload 677 Watching for file changes with StatReloader
INFO 2023-10-07 10:09:16,588 autoreload 677 Watching for file changes with StatReloader
INFO 2023-10-07 10:09:21,190 basehttp 187 "GET /meiduo_admin/orders/?page=1&pagesize=10&keyword= HTTP/1.1" 200 56
INFO 2023-10-07 10:09:24,509 basehttp 187 "GET /meiduo_admin/orders/?page=1&pagesize=10&keyword= HTTP/1.1" 200 56
INFO 2023-10-07 10:22:05,311 autoreload 266 /Users/zhuwenlong/Desktop/py-vue-mall/meiduo_py_vue/meiduo/meiduo_admin/urls.py changed, reloading.
INFO 2023-10-07 10:22:05,712 autoreload 677 Watching for file changes with StatReloader
INFO 2023-10-07 10:25:01,901 autoreload 266 /Users/zhuwenlong/Desktop/py-vue-mall/meiduo_py_vue/meiduo/meiduo_admin/urls.py changed, reloading.
INFO 2023-10-07 10:25:02,250 autoreload 677 Watching for file changes with StatReloader
INFO 2023-10-07 10:26:25,391 autoreload 266 /Users/zhuwenlong/Desktop/py-vue-mall/meiduo_py_vue/meiduo/meiduo_admin/urls.py changed, reloading.
INFO 2023-10-07 10:26:25,677 autoreload 677 Watching for file changes with StatReloader
INFO 2023-10-07 10:31:19,786 autoreload 677 Watching for file changes with StatReloader
INFO 2023-10-07 10:31:23,812 basehttp 187 "GET /meiduo_admin/permission/content_types/ HTTP/1.1" 200 1860
INFO 2023-10-07 10:31:23,814 basehttp 187 "GET /meiduo_admin/permission/perms/?page=1&pagesize=10 HTTP/1.1" 200 852
INFO 2023-10-07 10:31:23,824 basehttp 187 "GET /meiduo_admin/permission/content_types/ HTTP/1.1" 200 1860
INFO 2023-10-07 10:32:20,013 basehttp 187 "OPTIONS /meiduo_admin/permission/perms/ HTTP/1.1" 200 0
INFO 2023-10-07 10:32:20,036 basehttp 187 "POST /meiduo_admin/permission/perms/ HTTP/1.1" 201 74
INFO 2023-10-07 10:32:20,052 basehttp 187 "GET /meiduo_admin/permission/perms/?page=1&pagesize=10 HTTP/1.1" 200 852
INFO 2023-10-07 10:32:23,365 basehttp 187 "OPTIONS /meiduo_admin/permission/perms/?page=11&pagesize=10 HTTP/1.1" 200 0
INFO 2023-10-07 10:32:23,387 basehttp 187 "GET /meiduo_admin/permission/perms/?page=11&pagesize=10 HTTP/1.1" 200 436
INFO 2023-10-07 10:32:33,744 basehttp 187 "GET /meiduo_admin/permission/perms/?page=1&pagesize=10 HTTP/1.1" 200 852
INFO 2023-10-07 10:33:14,426 basehttp 187 "GET /meiduo_admin/permission/perms/?page=11&pagesize=10 HTTP/1.1" 200 436
INFO 2023-10-07 10:33:18,507 basehttp 187 "OPTIONS /meiduo_admin/permission/perms/?page=10&pagesize=10 HTTP/1.1" 200 0
INFO 2023-10-07 10:33:18,527 basehttp 187 "GET /meiduo_admin/permission/perms/?page=10&pagesize=10 HTTP/1.1" 200 873
INFO 2023-10-07 10:33:20,070 basehttp 187 "GET /meiduo_admin/permission/perms/?page=1&pagesize=10 HTTP/1.1" 200 852
INFO 2023-10-07 10:33:44,691 basehttp 187 "OPTIONS /meiduo_admin/permission/perms/?page=2&pagesize=10 HTTP/1.1" 200 0
INFO 2023-10-07 10:33:44,719 basehttp 187 "GET /meiduo_admin/permission/perms/?page=2&pagesize=10 HTTP/1.1" 200 849
INFO 2023-10-07 10:33:46,150 basehttp 187 "OPTIONS /meiduo_admin/permission/perms/?page=3&pagesize=10 HTTP/1.1" 200 0
INFO 2023-10-07 10:33:46,165 basehttp 187 "GET /meiduo_admin/permission/perms/?page=3&pagesize=10 HTTP/1.1" 200 984
INFO 2023-10-07 10:33:48,264 basehttp 187 "OPTIONS /meiduo_admin/permission/perms/?page=4&pagesize=10 HTTP/1.1" 200 0
INFO 2023-10-07 10:33:48,277 basehttp 187 "GET /meiduo_admin/permission/perms/?page=4&pagesize=10 HTTP/1.1" 200 942
INFO 2023-10-07 10:34:25,541 autoreload 266 /Users/zhuwenlong/Desktop/py-vue-mall/meiduo_py_vue/meiduo/meiduo_admin/views/admin.py changed, reloading.
INFO 2023-10-07 10:34:25,817 autoreload 677 Watching for file changes with StatReloader
INFO 2023-10-07 10:36:09,701 basehttp 187 "GET /meiduo_admin/permission/groups/?page=1&pagesize=10 HTTP/1.1" 200 56
INFO 2023-10-07 10:36:09,704 basehttp 187 "GET /meiduo_admin/permission/simple/ HTTP/1.1" 200 9132
INFO 2023-10-07 10:36:09,712 basehttp 187 "GET /meiduo_admin/permission/simple/ HTTP/1.1" 200 9132
INFO 2023-10-07 10:36:11,808 basehttp 187 "GET /meiduo_admin/permission/groups/simple/ HTTP/1.1" 200 2
INFO 2023-10-07 10:36:11,820 basehttp 187 "GET /meiduo_admin/permission/simple/ HTTP/1.1" 200 9132
INFO 2023-10-07 10:36:11,825 basehttp 187 "GET /meiduo_admin/permission/groups/simple/ HTTP/1.1" 200 2
INFO 2023-10-07 10:36:11,830 basehttp 187 "GET /meiduo_admin/permission/admins/?page=1&pagesize=10 HTTP/1.1" 200 330
INFO 2023-10-07 10:36:11,834 basehttp 187 "GET /meiduo_admin/permission/simple/ HTTP/1.1" 200 9132
INFO 2023-10-07 10:36:50,612 basehttp 187 "OPTIONS /meiduo_admin/permission/admins/ HTTP/1.1" 200 0
INFO 2023-10-07 10:36:50,744 basehttp 187 "POST /meiduo_admin/permission/admins/ HTTP/1.1" 201 298
INFO 2023-10-07 10:36:50,759 basehttp 187 "OPTIONS /meiduo_admin/permission/admins/?pagesize=10 HTTP/1.1" 200 0
INFO 2023-10-07 10:36:50,768 basehttp 187 "GET /meiduo_admin/permission/admins/?pagesize=10 HTTP/1.1" 200 629
INFO 2023-10-07 10:37:54,385 basehttp 187 "OPTIONS /meiduo_admin/authorizations/ HTTP/1.1" 200 0
INFO 2023-10-07 10:37:54,488 basehttp 187 "POST /meiduo_admin/authorizations/ HTTP/1.1" 200 518
INFO 2023-10-07 10:37:54,547 basehttp 187 "OPTIONS /meiduo_admin/statistical/day_active/ HTTP/1.1" 200 0
INFO 2023-10-07 10:37:54,547 basehttp 187 "OPTIONS /meiduo_admin/statistical/total_count/ HTTP/1.1" 200 0
INFO 2023-10-07 10:37:54,549 basehttp 187 "OPTIONS /meiduo_admin/statistical/day_increment/ HTTP/1.1" 200 0
INFO 2023-10-07 10:37:54,551 basehttp 187 "OPTIONS /meiduo_admin/statistical/day_active/ HTTP/1.1" 200 0
INFO 2023-10-07 10:37:54,551 basehttp 187 "OPTIONS /meiduo_admin/statistical/month_increment/ HTTP/1.1" 200 0
INFO 2023-10-07 10:37:54,553 basehttp 187 "OPTIONS /meiduo_admin/statistical/day_orders/ HTTP/1.1" 200 0
INFO 2023-10-07 10:37:54,554 basehttp 187 "OPTIONS /meiduo_admin/statistical/day_orders/ HTTP/1.1" 200 0
INFO 2023-10-07 10:37:54,557 basehttp 187 "OPTIONS /meiduo_admin/statistical/goods_day_views/ HTTP/1.1" 200 0
INFO 2023-10-07 10:37:54,562 basehttp 187 "GET /meiduo_admin/statistical/total_count/ HTTP/1.1" 200 11
INFO 2023-10-07 10:37:54,567 basehttp 187 "GET /meiduo_admin/statistical/day_increment/ HTTP/1.1" 200 11
INFO 2023-10-07 10:37:54,567 basehttp 187 "GET /meiduo_admin/statistical/day_active/ HTTP/1.1" 200 11
INFO 2023-10-07 10:37:54,571 basehttp 187 "GET /meiduo_admin/statistical/day_orders/ HTTP/1.1" 200 11
INFO 2023-10-07 10:37:54,575 basehttp 187 "GET /meiduo_admin/statistical/goods_day_views/ HTTP/1.1" 200 52
INFO 2023-10-07 10:37:54,576 basehttp 187 "GET /meiduo_admin/statistical/day_active/ HTTP/1.1" 200 11
INFO 2023-10-07 10:37:54,582 basehttp 187 "GET /meiduo_admin/statistical/day_orders/ HTTP/1.1" 200 11
INFO 2023-10-07 10:37:54,588 basehttp 187 "GET /meiduo_admin/statistical/month_increment/ HTTP/1.1" 200 961
INFO 2023-10-07 10:37:57,486 basehttp 187 "GET /meiduo_admin/permission/content_types/ HTTP/1.1" 200 1860
INFO 2023-10-07 10:37:57,492 basehttp 187 "GET /meiduo_admin/permission/perms/?page=1&pagesize=10 HTTP/1.1" 200 852
INFO 2023-10-07 10:37:57,496 basehttp 187 "GET /meiduo_admin/permission/content_types/ HTTP/1.1" 200 1860
INFO 2023-10-07 10:37:59,795 basehttp 187 "GET /meiduo_admin/permission/perms/?page=2&pagesize=10 HTTP/1.1" 200 849
INFO 2023-10-07 10:38:01,860 basehttp 187 "GET /meiduo_admin/permission/groups/?page=1&pagesize=10 HTTP/1.1" 200 56
INFO 2023-10-07 10:38:01,869 basehttp 187 "GET /meiduo_admin/permission/simple/ HTTP/1.1" 200 9132
INFO 2023-10-07 10:38:01,887 basehttp 187 "GET /meiduo_admin/permission/simple/ HTTP/1.1" 200 9132
INFO 2023-10-07 10:38:03,119 basehttp 187 "GET /meiduo_admin/permission/groups/simple/ HTTP/1.1" 200 2
INFO 2023-10-07 10:38:03,130 basehttp 187 "GET /meiduo_admin/permission/simple/ HTTP/1.1" 200 9132
INFO 2023-10-07 10:38:03,136 basehttp 187 "GET /meiduo_admin/permission/groups/simple/ HTTP/1.1" 200 2
INFO 2023-10-07 10:38:03,136 basehttp 187 "GET /meiduo_admin/permission/admins/?page=1&pagesize=10 HTTP/1.1" 200 629
INFO 2023-10-07 10:38:03,141 basehttp 187 "GET /meiduo_admin/permission/simple/ HTTP/1.1" 200 9132
INFO 2023-10-07 10:38:17,211 basehttp 187 "GET /meiduo_admin/permission/groups/?page=1&pagesize=10 HTTP/1.1" 200 56
INFO 2023-10-07 10:38:17,219 basehttp 187 "GET /meiduo_admin/permission/simple/ HTTP/1.1" 200 9132
INFO 2023-10-07 10:38:17,233 basehttp 187 "GET /meiduo_admin/permission/simple/ HTTP/1.1" 200 9132
INFO 2023-10-07 10:38:40,729 basehttp 187 "OPTIONS /meiduo_admin/permission/groups/ HTTP/1.1" 200 0
INFO 2023-10-07 10:38:40,750 basehttp 187 "POST /meiduo_admin/permission/groups/ HTTP/1.1" 201 42
INFO 2023-10-07 10:38:40,768 basehttp 187 "OPTIONS /meiduo_admin/permission/groups/?pagesize=10 HTTP/1.1" 200 0
INFO 2023-10-07 10:38:40,787 basehttp 187 "GET /meiduo_admin/permission/groups/?pagesize=10 HTTP/1.1" 200 98
INFO 2023-10-07 10:40:56,060 basehttp 187 "GET /meiduo_admin/permission/groups/simple/ HTTP/1.1" 200 44
INFO 2023-10-07 10:40:56,064 basehttp 187 "GET /meiduo_admin/permission/simple/ HTTP/1.1" 200 9132
INFO 2023-10-07 10:40:56,066 basehttp 187 "GET /meiduo_admin/permission/admins/?page=1&pagesize=10 HTTP/1.1" 200 629
INFO 2023-10-07 10:40:56,069 basehttp 187 "GET /meiduo_admin/permission/groups/simple/ HTTP/1.1" 200 44
INFO 2023-10-07 10:40:56,074 basehttp 187 "GET /meiduo_admin/permission/simple/ HTTP/1.1" 200 9132
INFO 2023-10-07 10:40:57,795 basehttp 187 "GET /meiduo_admin/permission/simple/ HTTP/1.1" 200 9132
INFO 2023-10-07 10:40:57,797 basehttp 187 "GET /meiduo_admin/permission/groups/?page=1&pagesize=10 HTTP/1.1" 200 98
INFO 2023-10-07 10:40:57,806 basehttp 187 "GET /meiduo_admin/permission/simple/ HTTP/1.1" 200 9132
INFO 2023-10-07 10:40:58,257 basehttp 187 "GET /meiduo_admin/permission/perms/?page=1&pagesize=10 HTTP/1.1" 200 852
INFO 2023-10-07 10:40:58,259 basehttp 187 "GET /meiduo_admin/permission/content_types/ HTTP/1.1" 200 1860
INFO 2023-10-07 10:40:58,265 basehttp 187 "GET /meiduo_admin/permission/content_types/ HTTP/1.1" 200 1860
WARNING 2023-10-07 10:41:41,585 log 241 Not Found: /meiduo_admin/orders/
WARNING 2023-10-07 10:41:41,585 basehttp 187 "GET /meiduo_admin/orders/?page=1&pagesize=10&keyword= HTTP/1.1" 404 14632
